#
# There is insufficient memory for the Java Runtime Environment to continue.
# Native memory allocation (malloc) failed to allocate 1401776 bytes for Chunk::new
# Possible reasons:
#   The system is out of physical RAM or swap space
#   The process is running with CompressedOops enabled, and the Java Heap may be blocking the growth of the native heap
# Possible solutions:
#   Reduce memory load on the system
#   Increase physical memory or swap space
#   Check if swap backing store is full
#   Decrease Java heap size (-Xmx/-Xms)
#   Decrease number of Java threads
#   Decrease Java thread stack sizes (-Xss)
#   Set larger code cache with -XX:ReservedCodeCacheSize=
#   JVM is running with Unscaled Compressed Oops mode in which the Java heap is
#     placed in the first 4GB address space. The Java Heap base address is the
#     maximum limit for the native heap growth. Please use -XX:HeapBaseMinAddress
#     to set the Java Heap base and to place the Java Heap above 4GB virtual address.
# This output file may be truncated or incomplete.
#
#  Out of Memory Error (arena.cpp:189), pid=24488, tid=27416
#
# JRE version: Java(TM) SE Runtime Environment (17.0.8+9) (build 17.0.8+9-LTS-211)
# Java VM: Java HotSpot(TM) 64-Bit Server VM (17.0.8+9-LTS-211, mixed mode, sharing, tiered, compressed oops, compressed class ptrs, g1 gc, windows-amd64)
# No core dump will be written. Minidumps are not enabled by default on client versions of Windows
#

---------------  S U M M A R Y ------------

Command Line: -Dfile.encoding=UTF-8 -Dstdout.encoding=UTF-8 -Dstderr.encoding=UTF-8 -XX:+ShowCodeDetailsInExceptionMessages VTiger_TestCases.AmazonPhoneColour

Host: Intel(R) Core(TM) i3-8130U CPU @ 2.20GHz, 4 cores, 3G,  Windows 10 , 64 bit Build 19041 (10.0.19041.3636)
Time: Sat Jul  6 13:18:38 2024 India Standard Time elapsed time: 5.441730 seconds (0d 0h 0m 5s)

---------------  T H R E A D  ---------------

Current thread (0x0000020ba6efd420):  JavaThread "C2 CompilerThread0" daemon [_thread_in_native, id=27416, stack(0x000000a03d100000,0x000000a03d200000)]


Current CompileTask:
C2:   5441 1641       4       java.lang.invoke.MethodType::makeImpl (109 bytes)

Stack: [0x000000a03d100000,0x000000a03d200000]
Native frames: (J=compiled Java code, j=interpreted, Vv=VM code, C=native code)
V  [jvm.dll+0x677d0a]
V  [jvm.dll+0x7d8c54]
V  [jvm.dll+0x7da3fe]
V  [jvm.dll+0x7daa63]
V  [jvm.dll+0x245c5f]
V  [jvm.dll+0xaaa6b]
V  [jvm.dll+0xab00c]
V  [jvm.dll+0x361e3f]
V  [jvm.dll+0x32c551]
V  [jvm.dll+0x32b9ea]
V  [jvm.dll+0x217fff]
V  [jvm.dll+0x217431]
V  [jvm.dll+0x1a3af0]
V  [jvm.dll+0x2270be]
V  [jvm.dll+0x22535b]
V  [jvm.dll+0x78e7bc]
V  [jvm.dll+0x788bba]
V  [jvm.dll+0x676b35]
C  [ucrtbase.dll+0x21bb2]
C  [KERNEL32.DLL+0x17344]
C  [ntdll.dll+0x4cc91]


---------------  P R O C E S S  ---------------

Threads class SMR info:
_java_thread_list=0x0000020bec73b840, length=26, elements={
0x0000020b8bc9c190, 0x0000020b8bd5b7f0, 0x0000020b8bd5c570, 0x0000020b8bd6e5d0,
0x0000020ba6eef0e0, 0x0000020ba6ef09b0, 0x0000020ba6ef1270, 0x0000020ba6efd420,
0x0000020ba6effde0, 0x0000020ba6f00ec0, 0x0000020bec15ed30, 0x0000020bec171f00,
0x0000020bec9e3ac0, 0x0000020bec9e79c0, 0x0000020becb4cba0, 0x0000020becbba770,
0x0000020becbbac40, 0x0000020becb4a090, 0x0000020becb0dd00, 0x0000020bec796870,
0x0000020bec793d20, 0x0000020bec795530, 0x0000020bec796d40, 0x0000020bec794b90,
0x0000020bec795a00, 0x0000020bec7941f0
}

Java Threads: ( => current thread )
  0x0000020b8bc9c190 JavaThread "main" [_thread_blocked, id=15076, stack(0x000000a03c400000,0x000000a03c500000)]
  0x0000020b8bd5b7f0 JavaThread "Reference Handler" daemon [_thread_blocked, id=22736, stack(0x000000a03cb00000,0x000000a03cc00000)]
  0x0000020b8bd5c570 JavaThread "Finalizer" daemon [_thread_blocked, id=7552, stack(0x000000a03cc00000,0x000000a03cd00000)]
  0x0000020b8bd6e5d0 JavaThread "Signal Dispatcher" daemon [_thread_blocked, id=8196, stack(0x000000a03cd00000,0x000000a03ce00000)]
  0x0000020ba6eef0e0 JavaThread "Attach Listener" daemon [_thread_blocked, id=5884, stack(0x000000a03ce00000,0x000000a03cf00000)]
  0x0000020ba6ef09b0 JavaThread "Service Thread" daemon [_thread_blocked, id=22740, stack(0x000000a03cf00000,0x000000a03d000000)]
  0x0000020ba6ef1270 JavaThread "Monitor Deflation Thread" daemon [_thread_blocked, id=14476, stack(0x000000a03d000000,0x000000a03d100000)]
=>0x0000020ba6efd420 JavaThread "C2 CompilerThread0" daemon [_thread_in_native, id=27416, stack(0x000000a03d100000,0x000000a03d200000)]
  0x0000020ba6effde0 JavaThread "C1 CompilerThread0" daemon [_thread_in_native, id=26524, stack(0x000000a03d200000,0x000000a03d300000)]
  0x0000020ba6f00ec0 JavaThread "Sweeper thread" daemon [_thread_blocked, id=19936, stack(0x000000a03d300000,0x000000a03d400000)]
  0x0000020bec15ed30 JavaThread "Notification Thread" daemon [_thread_blocked, id=28524, stack(0x000000a03d400000,0x000000a03d500000)]
  0x0000020bec171f00 JavaThread "Common-Cleaner" daemon [_thread_blocked, id=19480, stack(0x000000a03d600000,0x000000a03d700000)]
  0x0000020bec9e3ac0 JavaThread "ForkJoinPool.commonPool-worker-1" daemon [_thread_in_vm, id=27992, stack(0x000000a03d700000,0x000000a03d800000)]
  0x0000020bec9e79c0 JavaThread "HttpClient-1-SelectorManager" daemon [_thread_in_native, id=21540, stack(0x000000a03dc00000,0x000000a03dd00000)]
  0x0000020becb4cba0 JavaThread "Thread-2" [_thread_in_native, id=25300, stack(0x000000a03dd00000,0x000000a03de00000)]
  0x0000020becbba770 JavaThread "Driver Service Executor" daemon [_thread_blocked, id=24828, stack(0x000000a03de00000,0x000000a03df00000)]
  0x0000020becbbac40 JavaThread "Driver Service Executor" daemon [_thread_in_native, id=27768, stack(0x000000a03df00000,0x000000a03e000000)]
  0x0000020becb4a090 JavaThread "UrlChecker-2" daemon [_thread_blocked, id=18504, stack(0x000000a03e000000,0x000000a03e100000)]
  0x0000020becb0dd00 JavaThread "Keep-Alive-Timer" daemon [_thread_blocked, id=8544, stack(0x000000a03e200000,0x000000a03e300000)]
  0x0000020bec796870 JavaThread "pool-1-thread-1" [_thread_blocked, id=14812, stack(0x000000a03e300000,0x000000a03e400000)]
  0x0000020bec793d20 JavaThread "pool-1-thread-2" [_thread_blocked, id=26832, stack(0x000000a03e400000,0x000000a03e500000)]
  0x0000020bec795530 JavaThread "pool-1-thread-3" [_thread_blocked, id=13172, stack(0x000000a03e500000,0x000000a03e600000)]
  0x0000020bec796d40 JavaThread "HttpClient-2-SelectorManager" daemon [_thread_in_native, id=27008, stack(0x000000a03e600000,0x000000a03e700000)]
  0x0000020bec794b90 JavaThread "pool-2-thread-1" [_thread_blocked, id=19068, stack(0x000000a03e700000,0x000000a03e800000)]
  0x0000020bec795a00 JavaThread "pool-2-thread-2" [_thread_blocked, id=10564, stack(0x000000a03e800000,0x000000a03e900000)]
  0x0000020bec7941f0 JavaThread "pool-2-thread-3" [_thread_blocked, id=27240, stack(0x000000a03e900000,0x000000a03ea00000)]

Other Threads:
  0x0000020b8bd56520 VMThread "VM Thread" [stack: 0x000000a03ca00000,0x000000a03cb00000] [id=9680]
  0x0000020bec161a30 WatcherThread [stack: 0x000000a03d500000,0x000000a03d600000] [id=27204]
  0x0000020b8bcd8c50 GCTaskThread "GC Thread#0" [stack: 0x000000a03c500000,0x000000a03c600000] [id=27064]
  0x0000020beca1d740 GCTaskThread "GC Thread#1" [stack: 0x000000a03d800000,0x000000a03d900000] [id=28180]
  0x0000020beca3a570 GCTaskThread "GC Thread#2" [stack: 0x000000a03d900000,0x000000a03da00000] [id=25136]
  0x0000020beca3a820 GCTaskThread "GC Thread#3" [stack: 0x000000a03da00000,0x000000a03db00000] [id=7772]
  0x0000020b8bce2f90 ConcurrentGCThread "G1 Main Marker" [stack: 0x000000a03c600000,0x000000a03c700000] [id=26604]
  0x0000020b8bce48c0 ConcurrentGCThread "G1 Conc#0" [stack: 0x000000a03c700000,0x000000a03c800000] [id=26420]
  0x0000020b8bd33590 ConcurrentGCThread "G1 Refine#0" [stack: 0x000000a03c800000,0x000000a03c900000] [id=27892]
  0x0000020beca1e200 ConcurrentGCThread "G1 Refine#1" [stack: 0x000000a03db00000,0x000000a03dc00000] [id=12808]
  0x0000020b8bd33ec0 ConcurrentGCThread "G1 Service" [stack: 0x000000a03c900000,0x000000a03ca00000] [id=28160]

Threads with active compile tasks:
C2 CompilerThread0     5490 1641       4       java.lang.invoke.MethodType::makeImpl (109 bytes)

VM state: not at safepoint (normal execution)

VM Mutex/Monitor currently owned by a thread: None

Heap address: 0x00000000c1600000, size: 1002 MB, Compressed Oops mode: 32-bit

CDS archive(s) mapped at: [0x0000020ba7000000-0x0000020ba7bd0000-0x0000020ba7bd0000), size 12386304, SharedBaseAddress: 0x0000020ba7000000, ArchiveRelocationMode: 1.
Compressed class space mapped at: 0x0000020ba8000000-0x0000020be8000000, reserved size: 1073741824
Narrow klass base: 0x0000020ba7000000, Narrow klass shift: 0, Narrow klass range: 0x100000000

GC Precious Log:
 CPUs: 4 total, 4 available
 Memory: 4001M
 Large Page Support: Disabled
 NUMA Support: Disabled
 Compressed Oops: Enabled (32-bit)
 Heap Region Size: 1M
 Heap Min Capacity: 8M
 Heap Initial Capacity: 64M
 Heap Max Capacity: 1002M
 Pre-touch: Disabled
 Parallel Workers: 4
 Concurrent Workers: 1
 Concurrent Refinement Workers: 4
 Periodic GC: Disabled

Heap:
 garbage-first heap   total 65536K, used 17205K [0x00000000c1600000, 0x0000000100000000)
  region size 1024K, 12 young (12288K), 2 survivors (2048K)
 Metaspace       used 12604K, committed 12864K, reserved 1114112K
  class space    used 1552K, committed 1664K, reserved 1048576K

Heap Regions: E=young(eden), S=young(survivor), O=old, HS=humongous(starts), HC=humongous(continues), CS=collection set, F=free, OA=open archive, CA=closed archive, TAMS=top-at-mark-start (previous, next)
|   0|0x00000000c1600000, 0x00000000c1700000, 0x00000000c1700000|100%|HS|  |TAMS 0x00000000c1600000, 0x00000000c1600000| Complete 
|   1|0x00000000c1700000, 0x00000000c1800000, 0x00000000c1800000|100%| O|  |TAMS 0x00000000c1700000, 0x00000000c1700000| Untracked 
|   2|0x00000000c1800000, 0x00000000c1900000, 0x00000000c1900000|100%| O|  |TAMS 0x00000000c1800000, 0x00000000c1800000| Untracked 
|   3|0x00000000c1900000, 0x00000000c1a00000, 0x00000000c1a00000|100%| O|  |TAMS 0x00000000c1900000, 0x00000000c1900000| Untracked 
|   4|0x00000000c1a00000, 0x00000000c1b00000, 0x00000000c1b00000|100%| O|  |TAMS 0x00000000c1a00000, 0x00000000c1a00000| Untracked 
|   5|0x00000000c1b00000, 0x00000000c1befe00, 0x00000000c1c00000| 93%| O|  |TAMS 0x00000000c1b00000, 0x00000000c1b00000| Untracked 
|   6|0x00000000c1c00000, 0x00000000c1c00000, 0x00000000c1d00000|  0%| F|  |TAMS 0x00000000c1c00000, 0x00000000c1c00000| Untracked 
|   7|0x00000000c1d00000, 0x00000000c1d00000, 0x00000000c1e00000|  0%| F|  |TAMS 0x00000000c1d00000, 0x00000000c1d00000| Untracked 
|   8|0x00000000c1e00000, 0x00000000c1e00000, 0x00000000c1f00000|  0%| F|  |TAMS 0x00000000c1e00000, 0x00000000c1e00000| Untracked 
|   9|0x00000000c1f00000, 0x00000000c1f00000, 0x00000000c2000000|  0%| F|  |TAMS 0x00000000c1f00000, 0x00000000c1f00000| Untracked 
|  10|0x00000000c2000000, 0x00000000c2000000, 0x00000000c2100000|  0%| F|  |TAMS 0x00000000c2000000, 0x00000000c2000000| Untracked 
|  11|0x00000000c2100000, 0x00000000c2100000, 0x00000000c2200000|  0%| F|  |TAMS 0x00000000c2100000, 0x00000000c2100000| Untracked 
|  12|0x00000000c2200000, 0x00000000c2200000, 0x00000000c2300000|  0%| F|  |TAMS 0x00000000c2200000, 0x00000000c2200000| Untracked 
|  13|0x00000000c2300000, 0x00000000c2300000, 0x00000000c2400000|  0%| F|  |TAMS 0x00000000c2300000, 0x00000000c2300000| Untracked 
|  14|0x00000000c2400000, 0x00000000c2400000, 0x00000000c2500000|  0%| F|  |TAMS 0x00000000c2400000, 0x00000000c2400000| Untracked 
|  15|0x00000000c2500000, 0x00000000c2500000, 0x00000000c2600000|  0%| F|  |TAMS 0x00000000c2500000, 0x00000000c2500000| Untracked 
|  16|0x00000000c2600000, 0x00000000c2600000, 0x00000000c2700000|  0%| F|  |TAMS 0x00000000c2600000, 0x00000000c2600000| Untracked 
|  17|0x00000000c2700000, 0x00000000c2700000, 0x00000000c2800000|  0%| F|  |TAMS 0x00000000c2700000, 0x00000000c2700000| Untracked 
|  18|0x00000000c2800000, 0x00000000c2800000, 0x00000000c2900000|  0%| F|  |TAMS 0x00000000c2800000, 0x00000000c2800000| Untracked 
|  19|0x00000000c2900000, 0x00000000c2900000, 0x00000000c2a00000|  0%| F|  |TAMS 0x00000000c2900000, 0x00000000c2900000| Untracked 
|  20|0x00000000c2a00000, 0x00000000c2a00000, 0x00000000c2b00000|  0%| F|  |TAMS 0x00000000c2a00000, 0x00000000c2a00000| Untracked 
|  21|0x00000000c2b00000, 0x00000000c2b00000, 0x00000000c2c00000|  0%| F|  |TAMS 0x00000000c2b00000, 0x00000000c2b00000| Untracked 
|  22|0x00000000c2c00000, 0x00000000c2c00000, 0x00000000c2d00000|  0%| F|  |TAMS 0x00000000c2c00000, 0x00000000c2c00000| Untracked 
|  23|0x00000000c2d00000, 0x00000000c2d00000, 0x00000000c2e00000|  0%| F|  |TAMS 0x00000000c2d00000, 0x00000000c2d00000| Untracked 
|  24|0x00000000c2e00000, 0x00000000c2e00000, 0x00000000c2f00000|  0%| F|  |TAMS 0x00000000c2e00000, 0x00000000c2e00000| Untracked 
|  25|0x00000000c2f00000, 0x00000000c2f00000, 0x00000000c3000000|  0%| F|  |TAMS 0x00000000c2f00000, 0x00000000c2f00000| Untracked 
|  26|0x00000000c3000000, 0x00000000c3000000, 0x00000000c3100000|  0%| F|  |TAMS 0x00000000c3000000, 0x00000000c3000000| Untracked 
|  27|0x00000000c3100000, 0x00000000c3100000, 0x00000000c3200000|  0%| F|  |TAMS 0x00000000c3100000, 0x00000000c3100000| Untracked 
|  28|0x00000000c3200000, 0x00000000c3200000, 0x00000000c3300000|  0%| F|  |TAMS 0x00000000c3200000, 0x00000000c3200000| Untracked 
|  29|0x00000000c3300000, 0x00000000c3300000, 0x00000000c3400000|  0%| F|  |TAMS 0x00000000c3300000, 0x00000000c3300000| Untracked 
|  30|0x00000000c3400000, 0x00000000c3400000, 0x00000000c3500000|  0%| F|  |TAMS 0x00000000c3400000, 0x00000000c3400000| Untracked 
|  31|0x00000000c3500000, 0x00000000c3500000, 0x00000000c3600000|  0%| F|  |TAMS 0x00000000c3500000, 0x00000000c3500000| Untracked 
|  32|0x00000000c3600000, 0x00000000c3600000, 0x00000000c3700000|  0%| F|  |TAMS 0x00000000c3600000, 0x00000000c3600000| Untracked 
|  33|0x00000000c3700000, 0x00000000c3700000, 0x00000000c3800000|  0%| F|  |TAMS 0x00000000c3700000, 0x00000000c3700000| Untracked 
|  34|0x00000000c3800000, 0x00000000c3800000, 0x00000000c3900000|  0%| F|  |TAMS 0x00000000c3800000, 0x00000000c3800000| Untracked 
|  35|0x00000000c3900000, 0x00000000c3900000, 0x00000000c3a00000|  0%| F|  |TAMS 0x00000000c3900000, 0x00000000c3900000| Untracked 
|  36|0x00000000c3a00000, 0x00000000c3a00000, 0x00000000c3b00000|  0%| F|  |TAMS 0x00000000c3a00000, 0x00000000c3a00000| Untracked 
|  37|0x00000000c3b00000, 0x00000000c3b00000, 0x00000000c3c00000|  0%| F|  |TAMS 0x00000000c3b00000, 0x00000000c3b00000| Untracked 
|  38|0x00000000c3c00000, 0x00000000c3c00000, 0x00000000c3d00000|  0%| F|  |TAMS 0x00000000c3c00000, 0x00000000c3c00000| Untracked 
|  39|0x00000000c3d00000, 0x00000000c3d00000, 0x00000000c3e00000|  0%| F|  |TAMS 0x00000000c3d00000, 0x00000000c3d00000| Untracked 
|  40|0x00000000c3e00000, 0x00000000c3e00000, 0x00000000c3f00000|  0%| F|  |TAMS 0x00000000c3e00000, 0x00000000c3e00000| Untracked 
|  41|0x00000000c3f00000, 0x00000000c3f00000, 0x00000000c4000000|  0%| F|  |TAMS 0x00000000c3f00000, 0x00000000c3f00000| Untracked 
|  42|0x00000000c4000000, 0x00000000c4000000, 0x00000000c4100000|  0%| F|  |TAMS 0x00000000c4000000, 0x00000000c4000000| Untracked 
|  43|0x00000000c4100000, 0x00000000c4100000, 0x00000000c4200000|  0%| F|  |TAMS 0x00000000c4100000, 0x00000000c4100000| Untracked 
|  44|0x00000000c4200000, 0x00000000c4200000, 0x00000000c4300000|  0%| F|  |TAMS 0x00000000c4200000, 0x00000000c4200000| Untracked 
|  45|0x00000000c4300000, 0x00000000c4300000, 0x00000000c4400000|  0%| F|  |TAMS 0x00000000c4300000, 0x00000000c4300000| Untracked 
|  46|0x00000000c4400000, 0x00000000c4400000, 0x00000000c4500000|  0%| F|  |TAMS 0x00000000c4400000, 0x00000000c4400000| Untracked 
|  47|0x00000000c4500000, 0x00000000c4500000, 0x00000000c4600000|  0%| F|  |TAMS 0x00000000c4500000, 0x00000000c4500000| Untracked 
|  48|0x00000000c4600000, 0x00000000c4600000, 0x00000000c4700000|  0%| F|  |TAMS 0x00000000c4600000, 0x00000000c4600000| Untracked 
|  49|0x00000000c4700000, 0x00000000c4700000, 0x00000000c4800000|  0%| F|  |TAMS 0x00000000c4700000, 0x00000000c4700000| Untracked 
|  50|0x00000000c4800000, 0x00000000c4800000, 0x00000000c4900000|  0%| F|  |TAMS 0x00000000c4800000, 0x00000000c4800000| Untracked 
|  51|0x00000000c4900000, 0x00000000c49dd668, 0x00000000c4a00000| 86%| S|CS|TAMS 0x00000000c4900000, 0x00000000c4900000| Complete 
|  52|0x00000000c4a00000, 0x00000000c4b00000, 0x00000000c4b00000|100%| S|CS|TAMS 0x00000000c4a00000, 0x00000000c4a00000| Complete 
|  53|0x00000000c4b00000, 0x00000000c4b00000, 0x00000000c4c00000|  0%| F|  |TAMS 0x00000000c4b00000, 0x00000000c4b00000| Untracked 
|  54|0x00000000c4c00000, 0x00000000c4d00000, 0x00000000c4d00000|100%| E|  |TAMS 0x00000000c4c00000, 0x00000000c4c00000| Complete 
|  55|0x00000000c4d00000, 0x00000000c4e00000, 0x00000000c4e00000|100%| E|CS|TAMS 0x00000000c4d00000, 0x00000000c4d00000| Complete 
|  56|0x00000000c4e00000, 0x00000000c4f00000, 0x00000000c4f00000|100%| E|CS|TAMS 0x00000000c4e00000, 0x00000000c4e00000| Complete 
|  57|0x00000000c4f00000, 0x00000000c5000000, 0x00000000c5000000|100%| E|CS|TAMS 0x00000000c4f00000, 0x00000000c4f00000| Complete 
|  58|0x00000000c5000000, 0x00000000c5100000, 0x00000000c5100000|100%| E|CS|TAMS 0x00000000c5000000, 0x00000000c5000000| Complete 
|  59|0x00000000c5100000, 0x00000000c5200000, 0x00000000c5200000|100%| E|CS|TAMS 0x00000000c5100000, 0x00000000c5100000| Complete 
|  60|0x00000000c5200000, 0x00000000c5300000, 0x00000000c5300000|100%| E|CS|TAMS 0x00000000c5200000, 0x00000000c5200000| Complete 
|  61|0x00000000c5300000, 0x00000000c5400000, 0x00000000c5400000|100%| E|CS|TAMS 0x00000000c5300000, 0x00000000c5300000| Complete 
|  62|0x00000000c5400000, 0x00000000c5500000, 0x00000000c5500000|100%| E|CS|TAMS 0x00000000c5400000, 0x00000000c5400000| Complete 
|  63|0x00000000c5500000, 0x00000000c5600000, 0x00000000c5600000|100%| E|CS|TAMS 0x00000000c5500000, 0x00000000c5500000| Complete 

Card table byte_map: [0x0000020ba2740000,0x0000020ba2940000] _byte_map_base: 0x0000020ba2135000

Marking Bits (Prev, Next): (CMBitMap*) 0x0000020b8bcda180, (CMBitMap*) 0x0000020b8bcda1c0
 Prev Bits: [0x0000020ba2b40000, 0x0000020ba3ae8000)
 Next Bits: [0x0000020ba3af0000, 0x0000020ba4a98000)

Polling page: 0x0000020b8b470000

Metaspace:

Usage:
  Non-class:     10.80 MB used.
      Class:      1.52 MB used.
       Both:     12.32 MB used.

Virtual space:
  Non-class space:       64.00 MB reserved,      10.94 MB ( 17%) committed,  1 nodes.
      Class space:        1.00 GB reserved,       1.62 MB ( <1%) committed,  1 nodes.
             Both:        1.06 GB reserved,      12.56 MB (  1%) committed. 

Chunk freelists:
   Non-Class:  4.59 MB
       Class:  14.26 MB
        Both:  18.85 MB

MaxMetaspaceSize: unlimited
CompressedClassSpaceSize: 1.00 GB
Initial GC threshold: 21.00 MB
Current GC threshold: 21.00 MB
CDS: on
MetaspaceReclaimPolicy: balanced
 - commit_granule_bytes: 65536.
 - commit_granule_words: 8192.
 - virtual_space_node_default_size: 8388608.
 - enlarge_chunks_in_place: 1.
 - new_chunks_are_fully_committed: 0.
 - uncommit_free_chunks: 1.
 - use_allocation_guard: 0.
 - handle_deallocations: 1.


Internal statistics:

num_allocs_failed_limit: 0.
num_arena_births: 212.
num_arena_deaths: 0.
num_vsnodes_births: 2.
num_vsnodes_deaths: 0.
num_space_committed: 201.
num_space_uncommitted: 0.
num_chunks_returned_to_freelist: 0.
num_chunks_taken_from_freelist: 512.
num_chunk_merges: 0.
num_chunk_splits: 310.
num_chunks_enlarged: 204.
num_purges: 0.
num_inconsistent_stats: 0.

CodeHeap 'non-profiled nmethods': size=120000Kb used=532Kb max_used=532Kb free=119467Kb
 bounds [0x0000020b9b010000, 0x0000020b9b280000, 0x0000020ba2540000]
CodeHeap 'profiled nmethods': size=120000Kb used=3275Kb max_used=3275Kb free=116724Kb
 bounds [0x0000020b93540000, 0x0000020b93880000, 0x0000020b9aa70000]
CodeHeap 'non-nmethods': size=5760Kb used=1219Kb max_used=1237Kb free=4540Kb
 bounds [0x0000020b9aa70000, 0x0000020b9ace0000, 0x0000020b9b010000]
 total_blobs=2209 nmethods=1689 adapters=432
 compilation: enabled
              stopped_count=0, restarted_count=0
 full_count=0

Compilation events (20 events):
Event: 5.366 Thread 0x0000020ba6effde0 1650       3       java.nio.HeapByteBuffer::ix (7 bytes)
Event: 5.366 Thread 0x0000020ba6effde0 nmethod 1650 0x0000020b93859910 code [0x0000020b93859aa0, 0x0000020b93859bb8]
Event: 5.366 Thread 0x0000020ba6effde0 1652       3       java.lang.invoke.VarHandleGuards::guard_LLL_Z (86 bytes)
Event: 5.368 Thread 0x0000020ba6effde0 nmethod 1652 0x0000020b93859c90 code [0x0000020b93859fe0, 0x0000020b9385be08]
Event: 5.368 Thread 0x0000020ba6effde0 1653       3       java.lang.invoke.VarHandleReferences$FieldInstanceReadWrite::compareAndSet (48 bytes)
Event: 5.370 Thread 0x0000020ba6effde0 nmethod 1653 0x0000020b9385c690 code [0x0000020b9385c900, 0x0000020b9385d388]
Event: 5.373 Thread 0x0000020ba6effde0 1655       3       com.google.common.base.CharMatcher$And::matches (28 bytes)
Event: 5.374 Thread 0x0000020ba6effde0 nmethod 1655 0x0000020b9385d790 code [0x0000020b9385d940, 0x0000020b9385dc98]
Event: 5.374 Thread 0x0000020ba6effde0 1656       3       com.google.common.base.CharMatcher$Negated::matches (17 bytes)
Event: 5.374 Thread 0x0000020ba6effde0 nmethod 1656 0x0000020b9385dd90 code [0x0000020b9385df40, 0x0000020b9385e168]
Event: 5.374 Thread 0x0000020ba6effde0 1657       3       org.openqa.selenium.json.JsonTypeCoercer$$Lambda$79/0x0000020ba80230a8::test (12 bytes)
Event: 5.374 Thread 0x0000020ba6effde0 nmethod 1657 0x0000020b9385e210 code [0x0000020b9385e3e0, 0x0000020b9385e758]
Event: 5.374 Thread 0x0000020ba6effde0 1659       3       java.util.LinkedHashMap$LinkedKeyIterator::next (8 bytes)
Event: 5.374 Thread 0x0000020ba6effde0 nmethod 1659 0x0000020b9385e890 code [0x0000020b9385ea40, 0x0000020b9385eba8]
Event: 5.374 Thread 0x0000020ba6effde0 1658       3       java.util.Spliterator::getExactSizeIfKnown (25 bytes)
Event: 5.375 Thread 0x0000020ba6effde0 nmethod 1658 0x0000020b9385ec90 code [0x0000020b9385ee40, 0x0000020b9385f138]
Event: 5.377 Thread 0x0000020ba6effde0 1660       1       java.util.concurrent.CopyOnWriteArrayList::setArray (6 bytes)
Event: 5.377 Thread 0x0000020ba6effde0 nmethod 1660 0x0000020b9b093f90 code [0x0000020b9b094120, 0x0000020b9b094238]
Event: 5.430 Thread 0x0000020ba6effde0 1661       3       java.nio.MappedByteBuffer::position (6 bytes)
Event: 5.430 Thread 0x0000020ba6effde0 nmethod 1661 0x0000020b9385f210 code [0x0000020b9385f3c0, 0x0000020b9385f5c8]

GC Heap History (4 events):
Event: 1.747 GC heap before
{Heap before GC invocations=0 (full 0):
 garbage-first heap   total 65536K, used 13312K [0x00000000c1600000, 0x0000000100000000)
  region size 1024K, 13 young (13312K), 0 survivors (0K)
 Metaspace       used 3744K, committed 3904K, reserved 1114112K
  class space    used 473K, committed 512K, reserved 1048576K
}
Event: 1.753 GC heap after
{Heap after GC invocations=1 (full 0):
 garbage-first heap   total 65536K, used 6083K [0x00000000c1600000, 0x0000000100000000)
  region size 1024K, 2 young (2048K), 2 survivors (2048K)
 Metaspace       used 3744K, committed 3904K, reserved 1114112K
  class space    used 473K, committed 512K, reserved 1048576K
}
Event: 2.494 GC heap before
{Heap before GC invocations=1 (full 0):
 garbage-first heap   total 65536K, used 17347K [0x00000000c1600000, 0x0000000100000000)
  region size 1024K, 13 young (13312K), 2 survivors (2048K)
 Metaspace       used 9357K, committed 9536K, reserved 1114112K
  class space    used 1109K, committed 1216K, reserved 1048576K
}
Event: 2.498 GC heap after
{Heap after GC invocations=2 (full 0):
 garbage-first heap   total 65536K, used 7989K [0x00000000c1600000, 0x0000000100000000)
  region size 1024K, 2 young (2048K), 2 survivors (2048K)
 Metaspace       used 9357K, committed 9536K, reserved 1114112K
  class space    used 1109K, committed 1216K, reserved 1048576K
}

Deoptimization events (20 events):
Event: 2.122 Thread 0x0000020b8bc9c190 Uncommon trap: trap_request=0xffffff45 fr.pc=0x0000020b9b062ef8 relative=0x00000000000001d8
Event: 2.122 Thread 0x0000020b8bc9c190 Uncommon trap: reason=unstable_if action=reinterpret pc=0x0000020b9b062ef8 method=java.util.HashMap.putVal(ILjava/lang/Object;Ljava/lang/Object;ZZ)Ljava/lang/Object; @ 162 c2
Event: 2.122 Thread 0x0000020b8bc9c190 DEOPT PACKING pc=0x0000020b9b062ef8 sp=0x000000a03c4fb610
Event: 2.123 Thread 0x0000020b8bc9c190 DEOPT UNPACKING pc=0x0000020b9aac23a3 sp=0x000000a03c4fb5b0 mode 2
Event: 2.589 Thread 0x0000020bec796870 Uncommon trap: trap_request=0xffffffde fr.pc=0x0000020b9b0896c8 relative=0x0000000000000128
Event: 2.589 Thread 0x0000020bec796870 Uncommon trap: reason=class_check action=maybe_recompile pc=0x0000020b9b0896c8 method=jdk.internal.misc.Unsafe.allocateUninitializedArray(Ljava/lang/Class;I)Ljava/lang/Object; @ 51 c2
Event: 2.589 Thread 0x0000020bec796870 DEOPT PACKING pc=0x0000020b9b0896c8 sp=0x000000a03e3fa3e0
Event: 2.589 Thread 0x0000020bec796870 DEOPT UNPACKING pc=0x0000020b9aac23a3 sp=0x000000a03e3fa368 mode 2
Event: 2.590 Thread 0x0000020bec796870 Uncommon trap: trap_request=0xffffffde fr.pc=0x0000020b9b0896c8 relative=0x0000000000000128
Event: 2.590 Thread 0x0000020bec796870 Uncommon trap: reason=class_check action=maybe_recompile pc=0x0000020b9b0896c8 method=jdk.internal.misc.Unsafe.allocateUninitializedArray(Ljava/lang/Class;I)Ljava/lang/Object; @ 51 c2
Event: 2.590 Thread 0x0000020bec796870 DEOPT PACKING pc=0x0000020b9b0896c8 sp=0x000000a03e3fa3d0
Event: 2.590 Thread 0x0000020bec796870 DEOPT UNPACKING pc=0x0000020b9aac23a3 sp=0x000000a03e3fa358 mode 2
Event: 2.590 Thread 0x0000020bec796870 Uncommon trap: trap_request=0xffffffde fr.pc=0x0000020b9b0896c8 relative=0x0000000000000128
Event: 2.590 Thread 0x0000020bec796870 Uncommon trap: reason=class_check action=maybe_recompile pc=0x0000020b9b0896c8 method=jdk.internal.misc.Unsafe.allocateUninitializedArray(Ljava/lang/Class;I)Ljava/lang/Object; @ 51 c2
Event: 2.590 Thread 0x0000020bec796870 DEOPT PACKING pc=0x0000020b9b0896c8 sp=0x000000a03e3fa3e0
Event: 2.590 Thread 0x0000020bec796870 DEOPT UNPACKING pc=0x0000020b9aac23a3 sp=0x000000a03e3fa368 mode 2
Event: 2.591 Thread 0x0000020bec796870 Uncommon trap: trap_request=0xffffffde fr.pc=0x0000020b9b0896c8 relative=0x0000000000000128
Event: 2.591 Thread 0x0000020bec796870 Uncommon trap: reason=class_check action=maybe_recompile pc=0x0000020b9b0896c8 method=jdk.internal.misc.Unsafe.allocateUninitializedArray(Ljava/lang/Class;I)Ljava/lang/Object; @ 51 c2
Event: 2.591 Thread 0x0000020bec796870 DEOPT PACKING pc=0x0000020b9b0896c8 sp=0x000000a03e3fa340
Event: 2.591 Thread 0x0000020bec796870 DEOPT UNPACKING pc=0x0000020b9aac23a3 sp=0x000000a03e3fa2c8 mode 2

Classes unloaded (0 events):
No events

Classes redefined (0 events):
No events

Internal exceptions (20 events):
Event: 2.071 Thread 0x0000020b8bc9c190 Exception <a 'java/lang/NoSuchMethodError'{0x00000000c50b98f0}: 'java.lang.Object java.lang.invoke.DirectMethodHandle$Holder.invokeStaticInit(java.lang.Object, java.lang.Object, int, int, int, int)'> (0x00000000c50b98f0) 
thrown [s\open\src\hotspot\share\interpreter\linkResolver.cpp, line 759]
Event: 2.228 Thread 0x0000020b8bc9c190 Exception <a 'java/lang/NoSuchMethodError'{0x00000000c4ee20c0}: 'java.lang.Object java.lang.invoke.DirectMethodHandle$Holder.invokeInterface(java.lang.Object, java.lang.Object, java.lang.Object)'> (0x00000000c4ee20c0) 
thrown [s\open\src\hotspot\share\interpreter\linkResolver.cpp, line 759]
Event: 2.228 Thread 0x0000020b8bc9c190 Exception <a 'java/lang/IncompatibleClassChangeError'{0x00000000c4ee5788}: Found class java.lang.Object, but interface was expected> (0x00000000c4ee5788) 
thrown [s\open\src\hotspot\share\interpreter\linkResolver.cpp, line 826]
Event: 2.230 Thread 0x0000020b8bc9c190 Exception <a 'java/lang/NoSuchMethodError'{0x00000000c4eed988}: 'int java.lang.invoke.DirectMethodHandle$Holder.invokeSpecialIFC(java.lang.Object, java.lang.Object, java.lang.Object, java.lang.Object)'> (0x00000000c4eed988) 
thrown [s\open\src\hotspot\share\interpreter\linkResolver.cpp, line 759]
Event: 2.244 Thread 0x0000020b8bc9c190 Exception <a 'java/lang/NoSuchMethodError'{0x00000000c4d5f750}: 'java.lang.Object java.lang.invoke.DirectMethodHandle$Holder.invokeVirtual(java.lang.Object, java.lang.Object, java.lang.Object, java.lang.Object)'> (0x00000000c4d5f750) 
thrown [s\open\src\hotspot\share\interpreter\linkResolver.cpp, line 759]
Event: 2.293 Thread 0x0000020becb4a090 Exception <a 'java/net/ConnectException'{0x00000000c4de2558}: Connection refused: no further information> (0x00000000c4de2558) 
thrown [s\open\src\hotspot\share\prims\jni.cpp, line 535]
Event: 2.293 Thread 0x0000020becb4a090 Exception <a 'java/net/SocketException'{0x00000000c4de2890}: Socket is not connected: shutdown> (0x00000000c4de2890) 
thrown [s\open\src\hotspot\share\prims\jni.cpp, line 535]
Event: 2.308 Thread 0x0000020becb4a090 Exception <a 'java/net/ConnectException'{0x00000000c4de3888}: Connection refused: no further information> (0x00000000c4de3888) 
thrown [s\open\src\hotspot\share\prims\jni.cpp, line 535]
Event: 2.308 Thread 0x0000020becb4a090 Exception <a 'java/net/SocketException'{0x00000000c4de3bc0}: Socket is not connected: shutdown> (0x00000000c4de3bc0) 
thrown [s\open\src\hotspot\share\prims\jni.cpp, line 535]
Event: 2.339 Thread 0x0000020becb4a090 Exception <a 'java/net/ConnectException'{0x00000000c4de4ae8}: Connection refused: no further information> (0x00000000c4de4ae8) 
thrown [s\open\src\hotspot\share\prims\jni.cpp, line 535]
Event: 2.339 Thread 0x0000020becb4a090 Exception <a 'java/net/SocketException'{0x00000000c4de4e20}: Socket is not connected: shutdown> (0x00000000c4de4e20) 
thrown [s\open\src\hotspot\share\prims\jni.cpp, line 535]
Event: 2.474 Thread 0x0000020b8bc9c190 Exception <a 'java/lang/NoSuchMethodError'{0x00000000c4b24558}: 'java.lang.Object java.lang.invoke.DirectMethodHandle$Holder.newInvokeSpecial(java.lang.Object, java.lang.Object, int, int)'> (0x00000000c4b24558) 
thrown [s\open\src\hotspot\share\interpreter\linkResolver.cpp, line 759]
Event: 2.475 Thread 0x0000020b8bc9c190 Exception <a 'java/lang/NoSuchMethodError'{0x00000000c4b2eff8}: 'void java.lang.invoke.DirectMethodHandle$Holder.invokeStatic(java.lang.Object, java.lang.Object, int)'> (0x00000000c4b2eff8) 
thrown [s\open\src\hotspot\share\interpreter\linkResolver.cpp, line 759]
Event: 2.503 Thread 0x0000020b8bc9c190 Exception <a 'java/lang/NoSuchMethodError'{0x00000000c55416a8}: 'java.lang.Object java.lang.invoke.DirectMethodHandle$Holder.newInvokeSpecial(java.lang.Object, java.lang.Object, java.lang.Object, java.lang.Object, java.lang.Object)'> (0x00000000c55416a8) 
thrown [s\open\src\hotspot\share\interpreter\linkResolver.cpp, line 759]
Event: 2.563 Thread 0x0000020b8bc9c190 Exception <a 'java/lang/NoSuchMethodError'{0x00000000c53e6bd0}: 'void java.lang.invoke.DirectMethodHandle$Holder.invokeSpecial(java.lang.Object, java.lang.Object, java.lang.Object)'> (0x00000000c53e6bd0) 
thrown [s\open\src\hotspot\share\interpreter\linkResolver.cpp, line 759]
Event: 2.595 Thread 0x0000020bec796870 Exception <a 'java/lang/NoSuchMethodError'{0x00000000c52bf088}: 'java.lang.Object java.lang.invoke.DirectMethodHandle$Holder.invokeSpecial(java.lang.Object, java.lang.Object, java.lang.Object, java.lang.Object, int)'> (0x00000000c52bf088) 
thrown [s\open\src\hotspot\share\interpreter\linkResolver.cpp, line 759]
Event: 2.595 Thread 0x0000020bec796870 Exception <a 'java/lang/NoSuchMethodError'{0x00000000c52c2c50}: 'java.lang.Object java.lang.invoke.Invokers$Holder.linkToTargetMethod(java.lang.Object, java.lang.Object, int, java.lang.Object)'> (0x00000000c52c2c50) 
thrown [s\open\src\hotspot\share\interpreter\linkResolver.cpp, line 759]
Event: 2.618 Thread 0x0000020bec796870 Exception <a 'java/lang/NoSuchMethodError'{0x00000000c5118868}: 'void java.lang.invoke.DirectMethodHandle$Holder.invokeSpecial(java.lang.Object, java.lang.Object, java.lang.Object, java.lang.Object, java.lang.Object)'> (0x00000000c5118868) 
thrown [s\open\src\hotspot\share\interpreter\linkResolver.cpp, line 759]
Event: 5.049 Thread 0x0000020bec796870 Exception <a 'java/lang/NoSuchMethodError'{0x00000000c501fc80}: 'void java.lang.invoke.DirectMethodHandle$Holder.invokeSpecial(java.lang.Object, java.lang.Object, java.lang.Object, java.lang.Object, java.lang.Object, java.lang.Object, java.lang.Object)'> (0x00000000c501fc80) 
thrown [s\open\src\hotspot\share\interpreter\linkResolver.cpp, line 759]
Event: 5.184 Thread 0x0000020b8bc9c190 Exception <a 'java/lang/NoSuchMethodError'{0x00000000c4e36618}: 'java.lang.Object java.lang.invoke.DirectMethodHandle$Holder.invokeSpecialIFC(java.lang.Object, java.lang.Object, java.lang.Object)'> (0x00000000c4e36618) 
thrown [s\open\src\hotspot\share\interpreter\linkResolver.cpp, line 759]

VM Operations (20 events):
Event: 0.471 Executing VM operation: HandshakeAllThreads
Event: 0.471 Executing VM operation: HandshakeAllThreads done
Event: 1.482 Executing VM operation: Cleanup
Event: 1.482 Executing VM operation: Cleanup done
Event: 1.713 Executing VM operation: HandshakeAllThreads
Event: 1.714 Executing VM operation: HandshakeAllThreads done
Event: 1.746 Executing VM operation: G1CollectForAllocation
Event: 1.753 Executing VM operation: G1CollectForAllocation done
Event: 2.082 Executing VM operation: HandshakeAllThreads
Event: 2.082 Executing VM operation: HandshakeAllThreads done
Event: 2.397 Executing VM operation: HandshakeAllThreads
Event: 2.397 Executing VM operation: HandshakeAllThreads done
Event: 2.398 Executing VM operation: HandshakeAllThreads
Event: 2.398 Executing VM operation: HandshakeAllThreads done
Event: 2.402 Executing VM operation: HandshakeAllThreads
Event: 2.402 Executing VM operation: HandshakeAllThreads done
Event: 2.494 Executing VM operation: G1CollectForAllocation
Event: 2.498 Executing VM operation: G1CollectForAllocation done
Event: 3.512 Executing VM operation: Cleanup
Event: 3.512 Executing VM operation: Cleanup done

Events (20 events):
Event: 5.113 loading class java/util/DualPivotQuicksort
Event: 5.115 loading class java/util/DualPivotQuicksort done
Event: 5.356 Thread 0x0000020bec796d40 Thread added: 0x0000020bec796d40
Event: 5.358 Thread 0x0000020bec794b90 Thread added: 0x0000020bec794b90
Event: 5.361 Thread 0x0000020bec795a00 Thread added: 0x0000020bec795a00
Event: 5.361 Thread 0x0000020bec7941f0 Thread added: 0x0000020bec7941f0
Event: 5.376 loading class java/util/concurrent/locks/ReadWriteLock
Event: 5.376 loading class java/util/concurrent/locks/ReadWriteLock done
Event: 5.378 loading class java/util/concurrent/locks/ReentrantReadWriteLock
Event: 5.389 loading class java/util/concurrent/locks/ReentrantReadWriteLock done
Event: 5.389 loading class java/util/concurrent/locks/ReentrantReadWriteLock$FairSync
Event: 5.396 loading class java/util/concurrent/locks/ReentrantReadWriteLock$Sync
Event: 5.403 loading class java/util/concurrent/locks/ReentrantReadWriteLock$Sync done
Event: 5.403 loading class java/util/concurrent/locks/ReentrantReadWriteLock$FairSync done
Event: 5.404 loading class java/util/concurrent/locks/ReentrantReadWriteLock$Sync$ThreadLocalHoldCounter
Event: 5.404 loading class java/util/concurrent/locks/ReentrantReadWriteLock$Sync$ThreadLocalHoldCounter done
Event: 5.404 loading class java/util/concurrent/locks/ReentrantReadWriteLock$ReadLock
Event: 5.404 loading class java/util/concurrent/locks/ReentrantReadWriteLock$ReadLock done
Event: 5.404 loading class java/util/concurrent/locks/ReentrantReadWriteLock$WriteLock
Event: 5.404 loading class java/util/concurrent/locks/ReentrantReadWriteLock$WriteLock done


Dynamic libraries:
0x00007ff727b60000 - 0x00007ff727b70000 	C:\Program Files\Java\jdk-17\bin\javaw.exe
0x00007ffa9b010000 - 0x00007ffa9b208000 	C:\Windows\SYSTEM32\ntdll.dll
0x00007ffa9abf0000 - 0x00007ffa9acad000 	C:\Windows\System32\KERNEL32.DLL
0x00007ffa98980000 - 0x00007ffa98c76000 	C:\Windows\System32\KERNELBASE.dll
0x00007ffa98c80000 - 0x00007ffa98d80000 	C:\Windows\System32\ucrtbase.dll
0x00007ffa90930000 - 0x00007ffa9094b000 	C:\Program Files\Java\jdk-17\bin\VCRUNTIME140.dll
0x00007ffa90ac0000 - 0x00007ffa90ad9000 	C:\Program Files\Java\jdk-17\bin\jli.dll
0x00007ffa9af20000 - 0x00007ffa9afd0000 	C:\Windows\System32\ADVAPI32.dll
0x00007ffa9a630000 - 0x00007ffa9a6ce000 	C:\Windows\System32\msvcrt.dll
0x00007ffa99550000 - 0x00007ffa995f0000 	C:\Windows\System32\sechost.dll
0x00007ffa99370000 - 0x00007ffa99493000 	C:\Windows\System32\RPCRT4.dll
0x00007ffa987f0000 - 0x00007ffa98817000 	C:\Windows\System32\bcrypt.dll
0x00007ffa9ad80000 - 0x00007ffa9af1f000 	C:\Windows\System32\USER32.dll
0x00007ffa81010000 - 0x00007ffa812aa000 	C:\Windows\WinSxS\amd64_microsoft.windows.common-controls_6595b64144ccf1df_6.0.19041.4355_none_60b8b9eb71f62e16\COMCTL32.dll
0x00007ffa996b0000 - 0x00007ffa996db000 	C:\Windows\System32\GDI32.dll
0x00007ffa98e10000 - 0x00007ffa98e32000 	C:\Windows\System32\win32u.dll
0x00007ffa986d0000 - 0x00007ffa987e7000 	C:\Windows\System32\gdi32full.dll
0x00007ffa98820000 - 0x00007ffa988bd000 	C:\Windows\System32\msvcp_win.dll
0x00007ffa90c20000 - 0x00007ffa90c2a000 	C:\Windows\SYSTEM32\VERSION.dll
0x00007ffa99810000 - 0x00007ffa9983f000 	C:\Windows\System32\IMM32.DLL
0x00007ffa95770000 - 0x00007ffa9577c000 	C:\Program Files\Java\jdk-17\bin\vcruntime140_1.dll
0x00007ffa79990000 - 0x00007ffa79a1e000 	C:\Program Files\Java\jdk-17\bin\msvcp140.dll
0x00007ffa60e10000 - 0x00007ffa619ee000 	C:\Program Files\Java\jdk-17\bin\server\jvm.dll
0x00007ffa820c0000 - 0x00007ffa820e7000 	C:\Windows\SYSTEM32\WINMM.dll
0x00007ffa990d0000 - 0x00007ffa990d8000 	C:\Windows\System32\PSAPI.DLL
0x00007ffa92280000 - 0x00007ffa92289000 	C:\Windows\SYSTEM32\WSOCK32.dll
0x00007ffa9ab80000 - 0x00007ffa9abeb000 	C:\Windows\System32\WS2_32.dll
0x00007ffa96ee0000 - 0x00007ffa96ef2000 	C:\Windows\SYSTEM32\kernel.appcore.dll
0x00007ffa95760000 - 0x00007ffa9576a000 	C:\Program Files\Java\jdk-17\bin\jimage.dll
0x00007ffa96450000 - 0x00007ffa96634000 	C:\Windows\SYSTEM32\DBGHELP.DLL
0x00007ffa84cf0000 - 0x00007ffa84d24000 	C:\Windows\SYSTEM32\dbgcore.DLL
0x00007ffa98d80000 - 0x00007ffa98e02000 	C:\Windows\System32\bcryptPrimitives.dll
0x00007ffa91810000 - 0x00007ffa91835000 	C:\Program Files\Java\jdk-17\bin\java.dll
0x00007ffa74900000 - 0x00007ffa749d7000 	C:\Program Files\Java\jdk-17\bin\jsvml.dll
0x00007ffa99d40000 - 0x00007ffa9a4ac000 	C:\Windows\System32\SHELL32.dll
0x00007ffa96730000 - 0x00007ffa96ecd000 	C:\Windows\SYSTEM32\windows.storage.dll
0x00007ffa9a7c0000 - 0x00007ffa9ab13000 	C:\Windows\System32\combase.dll
0x00007ffa98020000 - 0x00007ffa9804e000 	C:\Windows\SYSTEM32\Wldp.dll
0x00007ffa9acb0000 - 0x00007ffa9ad7d000 	C:\Windows\System32\OLEAUT32.dll
0x00007ffa994a0000 - 0x00007ffa9954d000 	C:\Windows\System32\SHCORE.dll
0x00007ffa9ab20000 - 0x00007ffa9ab75000 	C:\Windows\System32\shlwapi.dll
0x00007ffa98600000 - 0x00007ffa98624000 	C:\Windows\SYSTEM32\profapi.dll
0x00007ffa91120000 - 0x00007ffa91139000 	C:\Program Files\Java\jdk-17\bin\net.dll
0x00007ffa89420000 - 0x00007ffa8952a000 	C:\Windows\SYSTEM32\WINHTTP.dll
0x00007ffa97d80000 - 0x00007ffa97dea000 	C:\Windows\system32\mswsock.dll
0x00007ffa909d0000 - 0x00007ffa909e6000 	C:\Program Files\Java\jdk-17\bin\nio.dll
0x00007ffa909b0000 - 0x00007ffa909c8000 	C:\Program Files\Java\jdk-17\bin\zip.dll
0x00007ffa97aa0000 - 0x00007ffa97b6a000 	C:\Windows\SYSTEM32\DNSAPI.dll
0x00007ffa97a60000 - 0x00007ffa97a9b000 	C:\Windows\SYSTEM32\IPHLPAPI.DLL
0x00007ffa9a6d0000 - 0x00007ffa9a6d8000 	C:\Windows\System32\NSI.dll
0x00007ffa90bc0000 - 0x00007ffa90bca000 	C:\Windows\System32\rasadhlp.dll
0x00007ffa88fa0000 - 0x00007ffa89020000 	C:\Windows\System32\fwpuclnt.dll
0x00007ffa97f80000 - 0x00007ffa97f98000 	C:\Windows\SYSTEM32\CRYPTSP.dll
0x00007ffa976a0000 - 0x00007ffa976d4000 	C:\Windows\system32\rsaenh.dll
0x00007ffa98570000 - 0x00007ffa9859e000 	C:\Windows\SYSTEM32\USERENV.dll
0x00007ffa97f70000 - 0x00007ffa97f7c000 	C:\Windows\SYSTEM32\CRYPTBASE.dll
0x00007ffa8f3b0000 - 0x00007ffa8f3c7000 	C:\Windows\SYSTEM32\dhcpcsvc6.DLL
0x00007ffa8f320000 - 0x00007ffa8f33d000 	C:\Windows\SYSTEM32\dhcpcsvc.DLL
0x00007ffa91c10000 - 0x00007ffa91c1e000 	C:\Program Files\Java\jdk-17\bin\sunmscapi.dll
0x00007ffa98ef0000 - 0x00007ffa9904e000 	C:\Windows\System32\CRYPT32.dll
0x00007ffa98090000 - 0x00007ffa980b9000 	C:\Windows\SYSTEM32\ncrypt.dll
0x00007ffa98050000 - 0x00007ffa9808b000 	C:\Windows\SYSTEM32\NTASN1.dll
0x00007ffa90830000 - 0x00007ffa90837000 	C:\Windows\system32\wshunix.dll

dbghelp: loaded successfully - version: 4.0.5 - missing functions: none
symbol engine: initialized successfully - sym options: 0x614 - pdb path: .;C:\Program Files\Java\jdk-17\bin;C:\Windows\SYSTEM32;C:\Windows\WinSxS\amd64_microsoft.windows.common-controls_6595b64144ccf1df_6.0.19041.4355_none_60b8b9eb71f62e16;C:\Program Files\Java\jdk-17\bin\server

VM Arguments:
jvm_args: -Dfile.encoding=UTF-8 -Dstdout.encoding=UTF-8 -Dstderr.encoding=UTF-8 -XX:+ShowCodeDetailsInExceptionMessages 
java_command: VTiger_TestCases.AmazonPhoneColour
java_class_path (initial): C:\Users\gupta\eclipse-workspace\Selenium_Learning\Selenium_Advance\target\test-classes;C:\Users\gupta\eclipse-workspace\Selenium_Learning\Selenium_Advance\target\classes;C:\Users\gupta\.p2\pool\plugins\org.testng_7.4.0.r202105021533.jar;C:\Users\gupta\.p2\pool\plugins\com.beust.jcommander_1.78.0.jar;C:\Users\gupta\.p2\pool\plugins\org.apache-extras.beanshell.bsh_2.0.0.b6.jar;C:\Users\gupta\.p2\pool\plugins\org.yaml.snakeyaml_1.21.0.jar;C:\Users\gupta\.p2\pool\plugins\org.webjars.jquery_3.5.1.jar;C:\Users\gupta\.m2\repository\org\apache\poi\poi\4.1.2\poi-4.1.2.jar;C:\Users\gupta\.m2\repository\commons-codec\commons-codec\1.13\commons-codec-1.13.jar;C:\Users\gupta\.m2\repository\org\apache\commons\commons-collections4\4.4\commons-collections4-4.4.jar;C:\Users\gupta\.m2\repository\org\apache\commons\commons-math3\3.6.1\commons-math3-3.6.1.jar;C:\Users\gupta\.m2\repository\com\zaxxer\SparseBitSet\1.2\SparseBitSet-1.2.jar;C:\Users\gupta\.m2\repository\org\apache\poi\poi-ooxml\4.1.2\poi-ooxml-4.1.2.jar;C:\Users\gupta\.m2\repository\org\apache\poi\poi-ooxml-schemas\4.1.2\poi-ooxml-schemas-4.1.2.jar;C:\Users\gupta\.m2\repository\org\apache\xmlbeans\xmlbeans\3.1.0\xmlbeans-3.1.0.jar;C:\Users\gupta\.m2\repository\org\apache\commons\commons-compress\1.19\commons-compress-1.19.jar;C:\Users\gupta\.m2\repository\com\github\virtuald\curvesapi\1.06\curvesapi-1.06.jar;C:\Users\gupta\.m2\repository\org\seleniumhq\selenium\selenium-java\4.15.0\selenium-java-4.15.0.jar;C:\Users\gupta\.m2\repository\org\seleniumhq\selenium\selenium-api\4.15.0\selenium-api-4.15.0.jar;C:\Users\gupta\.m2\repository\org\seleniumhq\selenium\selenium-chrome-driver\4.15.0\selenium-chrome-driver-4.15.0.jar;C:\Users\gupta\.m2\repository\com\google\auto\service\auto-service-annotations\1.1.1\auto-service-annotations-1.1.1.jar;C:\Users\gupta\.m2\repository\org\seleniumhq\selenium\selenium-chromium-driver\4.15.0\selenium-chromium-driver-4.15.0.jar;C:\Users\gupta\.m2\repository\org\sele
Launcher Type: SUN_STANDARD

[Global flags]
     intx CICompilerCount                          = 3                                         {product} {ergonomic}
     uint ConcGCThreads                            = 1                                         {product} {ergonomic}
     uint G1ConcRefinementThreads                  = 4                                         {product} {ergonomic}
   size_t G1HeapRegionSize                         = 1048576                                   {product} {ergonomic}
    uintx GCDrainStackTargetSize                   = 64                                        {product} {ergonomic}
   size_t InitialHeapSize                          = 67108864                                  {product} {ergonomic}
   size_t MarkStackSize                            = 4194304                                   {product} {ergonomic}
   size_t MaxHeapSize                              = 1050673152                                {product} {ergonomic}
   size_t MaxNewSize                               = 630194176                                 {product} {ergonomic}
   size_t MinHeapDeltaBytes                        = 1048576                                   {product} {ergonomic}
   size_t MinHeapSize                              = 8388608                                   {product} {ergonomic}
    uintx NonNMethodCodeHeapSize                   = 5832780                                {pd product} {ergonomic}
    uintx NonProfiledCodeHeapSize                  = 122912730                              {pd product} {ergonomic}
    uintx ProfiledCodeHeapSize                     = 122912730                              {pd product} {ergonomic}
    uintx ReservedCodeCacheSize                    = 251658240                              {pd product} {ergonomic}
     bool SegmentedCodeCache                       = true                                      {product} {ergonomic}
     bool ShowCodeDetailsInExceptionMessages       = true                                   {manageable} {command line}
   size_t SoftMaxHeapSize                          = 1050673152                             {manageable} {ergonomic}
     bool UseCompressedClassPointers               = true                           {product lp64_product} {ergonomic}
     bool UseCompressedOops                        = true                           {product lp64_product} {ergonomic}
     bool UseG1GC                                  = true                                      {product} {ergonomic}
     bool UseLargePagesIndividualAllocation        = false                                  {pd product} {ergonomic}

Logging:
Log output configuration:
 #0: stdout all=warning uptime,level,tags
 #1: stderr all=off uptime,level,tags

Environment Variables:
PATH=C:/Program Files/Java/jdk-17/bin/server;C:/Program Files/Java/jdk-17/bin;C:\Program Files\Eclipse Adoptium\jdk-17.0.8.101-hotspot\bin;C:\ProgramData\Oracle\Java\javapath;C:\Program Files\Common Files\Oracle\Java\javapath;C:\Program Files (x86)\VMware\VMware Player\bin\;C:\oracle\product\10.2.0\db_1\bin;C:\Windows\system32;C:\Windows;C:\Windows\System32\Wbem;C:\Windows\System32\WindowsPowerShell\v1.0\;C:\Windows\System32\OpenSSH\;C:\Users\gupta\Downloads\wget-1.5.3;C:\Program Files\Git\cmd;C:\Users\gupta\Downloads\apache-maven-3.9.8-bin\apache-maven-3.9.8\bin;C:\Users\gupta\AppData\Local\Programs\Python\Python310\Scripts\;C:\Users\gupta\AppData\Local\Programs\Python\Python310\;C:\Users\gupta\AppData\Local\Microsoft\WindowsApps;;C:\Users\gupta\AppData\Local\Programs\Microsoft VS Code\bin;C:\Users\gupta\Desktop;
USERNAME=gupta
OS=Windows_NT
PROCESSOR_IDENTIFIER=Intel64 Family 6 Model 142 Stepping 10, GenuineIntel



---------------  S Y S T E M  ---------------

OS:
 Windows 10 , 64 bit Build 19041 (10.0.19041.3636)
OS uptime: 3 days 21:50 hours

CPU: total 4 (initial active 4) (2 cores per cpu, 2 threads per core) family 6 model 142 stepping 10 microcode 0xc6, cx8, cmov, fxsr, ht, mmx, 3dnowpref, sse, sse2, sse3, ssse3, sse4.1, sse4.2, popcnt, lzcnt, tsc, tscinvbit, avx, avx2, aes, erms, clmul, bmi1, bmi2, adx, fma, vzeroupper, clflush, clflushopt

Memory: 4k page, system-wide physical 4001M (236M free)
TotalPageFile size 16289M (AvailPageFile size 42M)
current process WorkingSet (physical memory assigned to process): 88M, peak: 88M
current process commit charge ("private bytes"): 164M, peak: 165M

vm_info: Java HotSpot(TM) 64-Bit Server VM (17.0.8+9-LTS-211) for windows-amd64 JRE (17.0.8+9-LTS-211), built on Jun 14 2023 10:34:31 by "mach5one" with MS VC++ 17.1 (VS2022)

END.
