#
# There is insufficient memory for the Java Runtime Environment to continue.
# Native memory allocation (malloc) failed to allocate 32744 bytes for ChunkPool::allocate
# Possible reasons:
#   The system is out of physical RAM or swap space
#   The process is running with CompressedOops enabled, and the Java Heap may be blocking the growth of the native heap
# Possible solutions:
#   Reduce memory load on the system
#   Increase physical memory or swap space
#   Check if swap backing store is full
#   Decrease Java heap size (-Xmx/-Xms)
#   Decrease number of Java threads
#   Decrease Java thread stack sizes (-Xss)
#   Set larger code cache with -XX:ReservedCodeCacheSize=
#   JVM is running with Unscaled Compressed Oops mode in which the Java heap is
#     placed in the first 4GB address space. The Java Heap base address is the
#     maximum limit for the native heap growth. Please use -XX:HeapBaseMinAddress
#     to set the Java Heap base and to place the Java Heap above 4GB virtual address.
# This output file may be truncated or incomplete.
#
#  Out of Memory Error (arena.cpp:78), pid=20096, tid=29600
#
# JRE version: Java(TM) SE Runtime Environment (17.0.8+9) (build 17.0.8+9-LTS-211)
# Java VM: Java HotSpot(TM) 64-Bit Server VM (17.0.8+9-LTS-211, mixed mode, tiered, compressed oops, compressed class ptrs, g1 gc, windows-amd64)
# No core dump will be written. Minidumps are not enabled by default on client versions of Windows
#

---------------  S U M M A R Y ------------

Command Line: -Dfile.encoding=UTF-8 -Dstdout.encoding=UTF-8 -Dstderr.encoding=UTF-8 -XX:+ShowCodeDetailsInExceptionMessages VTiger_TestCases.CricBuzz

Host: Intel(R) Core(TM) i3-8130U CPU @ 2.20GHz, 4 cores, 3G,  Windows 10 , 64 bit Build 19041 (10.0.19041.3636)
Time: Sat Jul  6 16:33:28 2024 India Standard Time elapsed time: 0.392589 seconds (0d 0h 0m 0s)

---------------  T H R E A D  ---------------

Current thread (0x000001d1001f2e40):  JavaThread "C1 CompilerThread0" daemon [_thread_in_native, id=29600, stack(0x0000002d51d00000,0x0000002d51e00000)]


Current CompileTask:
C1:    392  122       3       java.io.RandomAccessFile::readFully (45 bytes)

Stack: [0x0000002d51d00000,0x0000002d51e00000]
Native frames: (J=compiled Java code, j=interpreted, Vv=VM code, C=native code)
V  [jvm.dll+0x677d0a]
V  [jvm.dll+0x7d8c54]
V  [jvm.dll+0x7da3fe]
V  [jvm.dll+0x7daa63]
V  [jvm.dll+0x245c5f]
V  [jvm.dll+0xaacc0]
V  [jvm.dll+0xab00c]
V  [jvm.dll+0x2484f1]
V  [jvm.dll+0x24871c]
V  [jvm.dll+0x2481a9]
V  [jvm.dll+0x14a29a]
V  [jvm.dll+0x14a221]
V  [jvm.dll+0x150203]
V  [jvm.dll+0x15b46f]
V  [jvm.dll+0x150d37]
V  [jvm.dll+0x150817]
V  [jvm.dll+0x15064b]
V  [jvm.dll+0x134b79]
V  [jvm.dll+0x1346da]
V  [jvm.dll+0x1348c8]
V  [jvm.dll+0x133d61]
V  [jvm.dll+0x135a0d]
V  [jvm.dll+0x2270be]
V  [jvm.dll+0x22535b]
V  [jvm.dll+0x78e7bc]
V  [jvm.dll+0x788bba]
V  [jvm.dll+0x676b35]
C  [ucrtbase.dll+0x21bb2]
C  [KERNEL32.DLL+0x17344]
C  [ntdll.dll+0x4cc91]


---------------  P R O C E S S  ---------------

Threads class SMR info:
_java_thread_list=0x000001d100488990, length=12, elements={
0x000001d14a5a0620, 0x000001d1001aa260, 0x000001d1001aafe0, 0x000001d1001cd290,
0x000001d1001cdd50, 0x000001d1001d0620, 0x000001d1001d0ee0, 0x000001d1001d1b80,
0x000001d1001f2e40, 0x000001d10037e420, 0x000001d100482c60, 0x000001d1004a5650
}

Java Threads: ( => current thread )
  0x000001d14a5a0620 JavaThread "main" [_thread_in_vm, id=3836, stack(0x0000002d50f00000,0x0000002d51000000)]
  0x000001d1001aa260 JavaThread "Reference Handler" daemon [_thread_blocked, id=13584, stack(0x0000002d51600000,0x0000002d51700000)]
  0x000001d1001aafe0 JavaThread "Finalizer" daemon [_thread_blocked, id=1788, stack(0x0000002d51700000,0x0000002d51800000)]
  0x000001d1001cd290 JavaThread "Signal Dispatcher" daemon [_thread_blocked, id=24904, stack(0x0000002d51800000,0x0000002d51900000)]
  0x000001d1001cdd50 JavaThread "Attach Listener" daemon [_thread_blocked, id=29476, stack(0x0000002d51900000,0x0000002d51a00000)]
  0x000001d1001d0620 JavaThread "Service Thread" daemon [_thread_blocked, id=13528, stack(0x0000002d51a00000,0x0000002d51b00000)]
  0x000001d1001d0ee0 JavaThread "Monitor Deflation Thread" daemon [_thread_blocked, id=27632, stack(0x0000002d51b00000,0x0000002d51c00000)]
  0x000001d1001d1b80 JavaThread "C2 CompilerThread0" daemon [_thread_blocked, id=1796, stack(0x0000002d51c00000,0x0000002d51d00000)]
=>0x000001d1001f2e40 JavaThread "C1 CompilerThread0" daemon [_thread_in_native, id=29600, stack(0x0000002d51d00000,0x0000002d51e00000)]
  0x000001d10037e420 JavaThread "Sweeper thread" daemon [_thread_blocked, id=27240, stack(0x0000002d51e00000,0x0000002d51f00000)]
  0x000001d100482c60 JavaThread "Notification Thread" daemon [_thread_blocked, id=15352, stack(0x0000002d51f00000,0x0000002d52000000)]
  0x000001d1004a5650 JavaThread "Common-Cleaner" daemon [_thread_blocked, id=13192, stack(0x0000002d52100000,0x0000002d52200000)]

Other Threads:
  0x000001d100143df0 VMThread "VM Thread" [stack: 0x0000002d51500000,0x0000002d51600000] [id=26272]
  0x000001d10049d010 WatcherThread [stack: 0x0000002d52000000,0x0000002d52100000] [id=27568]
  0x000001d14a5da040 GCTaskThread "GC Thread#0" [stack: 0x0000002d51000000,0x0000002d51100000] [id=26904]
  0x000001d14a602830 ConcurrentGCThread "G1 Main Marker" [stack: 0x0000002d51100000,0x0000002d51200000] [id=26996]
  0x000001d14a603150 ConcurrentGCThread "G1 Conc#0" [stack: 0x0000002d51200000,0x0000002d51300000] [id=19676]
  0x000001d14a654fd0 ConcurrentGCThread "G1 Refine#0" [stack: 0x0000002d51300000,0x0000002d51400000] [id=25980]
  0x000001d14a655900 ConcurrentGCThread "G1 Service" [stack: 0x0000002d51400000,0x0000002d51500000] [id=25400]

Threads with active compile tasks:
C1 CompilerThread0      435  122       3       java.io.RandomAccessFile::readFully (45 bytes)

VM state: not at safepoint (normal execution)

VM Mutex/Monitor currently owned by a thread:  ([mutex/lock_event])
[0x000001d14a59cdb0] Metaspace_lock - owner thread: 0x000001d14a5a0620

Heap address: 0x00000000c1600000, size: 1002 MB, Compressed Oops mode: 32-bit

CDS archive(s) not mapped
Compressed class space mapped at: 0x0000000100000000-0x0000000140000000, reserved size: 1073741824
Narrow klass base: 0x0000000000000000, Narrow klass shift: 3, Narrow klass range: 0x140000000

GC Precious Log:
 CPUs: 4 total, 4 available
 Memory: 4001M
 Large Page Support: Disabled
 NUMA Support: Disabled
 Compressed Oops: Enabled (32-bit)
 Heap Region Size: 1M
 Heap Min Capacity: 8M
 Heap Initial Capacity: 64M
 Heap Max Capacity: 1002M
 Pre-touch: Disabled
 Parallel Workers: 4
 Concurrent Workers: 1
 Concurrent Refinement Workers: 4
 Periodic GC: Disabled

Heap:
 garbage-first heap   total 65536K, used 2048K [0x00000000c1600000, 0x0000000100000000)
  region size 1024K, 3 young (3072K), 0 survivors (0K)
 Metaspace       used 4751K, committed 4928K, reserved 1114112K
  class space    used 396K, committed 512K, reserved 1048576K

Heap Regions: E=young(eden), S=young(survivor), O=old, HS=humongous(starts), HC=humongous(continues), CS=collection set, F=free, OA=open archive, CA=closed archive, TAMS=top-at-mark-start (previous, next)
|   0|0x00000000c1600000, 0x00000000c1700000, 0x00000000c1700000|100%|HS|  |TAMS 0x00000000c1600000, 0x00000000c1600000| Complete 
|   1|0x00000000c1700000, 0x00000000c1700000, 0x00000000c1800000|  0%| F|  |TAMS 0x00000000c1700000, 0x00000000c1700000| Untracked 
|   2|0x00000000c1800000, 0x00000000c1800000, 0x00000000c1900000|  0%| F|  |TAMS 0x00000000c1800000, 0x00000000c1800000| Untracked 
|   3|0x00000000c1900000, 0x00000000c1900000, 0x00000000c1a00000|  0%| F|  |TAMS 0x00000000c1900000, 0x00000000c1900000| Untracked 
|   4|0x00000000c1a00000, 0x00000000c1a00000, 0x00000000c1b00000|  0%| F|  |TAMS 0x00000000c1a00000, 0x00000000c1a00000| Untracked 
|   5|0x00000000c1b00000, 0x00000000c1b00000, 0x00000000c1c00000|  0%| F|  |TAMS 0x00000000c1b00000, 0x00000000c1b00000| Untracked 
|   6|0x00000000c1c00000, 0x00000000c1c00000, 0x00000000c1d00000|  0%| F|  |TAMS 0x00000000c1c00000, 0x00000000c1c00000| Untracked 
|   7|0x00000000c1d00000, 0x00000000c1d00000, 0x00000000c1e00000|  0%| F|  |TAMS 0x00000000c1d00000, 0x00000000c1d00000| Untracked 
|   8|0x00000000c1e00000, 0x00000000c1e00000, 0x00000000c1f00000|  0%| F|  |TAMS 0x00000000c1e00000, 0x00000000c1e00000| Untracked 
|   9|0x00000000c1f00000, 0x00000000c1f00000, 0x00000000c2000000|  0%| F|  |TAMS 0x00000000c1f00000, 0x00000000c1f00000| Untracked 
|  10|0x00000000c2000000, 0x00000000c2000000, 0x00000000c2100000|  0%| F|  |TAMS 0x00000000c2000000, 0x00000000c2000000| Untracked 
|  11|0x00000000c2100000, 0x00000000c2100000, 0x00000000c2200000|  0%| F|  |TAMS 0x00000000c2100000, 0x00000000c2100000| Untracked 
|  12|0x00000000c2200000, 0x00000000c2200000, 0x00000000c2300000|  0%| F|  |TAMS 0x00000000c2200000, 0x00000000c2200000| Untracked 
|  13|0x00000000c2300000, 0x00000000c2300000, 0x00000000c2400000|  0%| F|  |TAMS 0x00000000c2300000, 0x00000000c2300000| Untracked 
|  14|0x00000000c2400000, 0x00000000c2400000, 0x00000000c2500000|  0%| F|  |TAMS 0x00000000c2400000, 0x00000000c2400000| Untracked 
|  15|0x00000000c2500000, 0x00000000c2500000, 0x00000000c2600000|  0%| F|  |TAMS 0x00000000c2500000, 0x00000000c2500000| Untracked 
|  16|0x00000000c2600000, 0x00000000c2600000, 0x00000000c2700000|  0%| F|  |TAMS 0x00000000c2600000, 0x00000000c2600000| Untracked 
|  17|0x00000000c2700000, 0x00000000c2700000, 0x00000000c2800000|  0%| F|  |TAMS 0x00000000c2700000, 0x00000000c2700000| Untracked 
|  18|0x00000000c2800000, 0x00000000c2800000, 0x00000000c2900000|  0%| F|  |TAMS 0x00000000c2800000, 0x00000000c2800000| Untracked 
|  19|0x00000000c2900000, 0x00000000c2900000, 0x00000000c2a00000|  0%| F|  |TAMS 0x00000000c2900000, 0x00000000c2900000| Untracked 
|  20|0x00000000c2a00000, 0x00000000c2a00000, 0x00000000c2b00000|  0%| F|  |TAMS 0x00000000c2a00000, 0x00000000c2a00000| Untracked 
|  21|0x00000000c2b00000, 0x00000000c2b00000, 0x00000000c2c00000|  0%| F|  |TAMS 0x00000000c2b00000, 0x00000000c2b00000| Untracked 
|  22|0x00000000c2c00000, 0x00000000c2c00000, 0x00000000c2d00000|  0%| F|  |TAMS 0x00000000c2c00000, 0x00000000c2c00000| Untracked 
|  23|0x00000000c2d00000, 0x00000000c2d00000, 0x00000000c2e00000|  0%| F|  |TAMS 0x00000000c2d00000, 0x00000000c2d00000| Untracked 
|  24|0x00000000c2e00000, 0x00000000c2e00000, 0x00000000c2f00000|  0%| F|  |TAMS 0x00000000c2e00000, 0x00000000c2e00000| Untracked 
|  25|0x00000000c2f00000, 0x00000000c2f00000, 0x00000000c3000000|  0%| F|  |TAMS 0x00000000c2f00000, 0x00000000c2f00000| Untracked 
|  26|0x00000000c3000000, 0x00000000c3000000, 0x00000000c3100000|  0%| F|  |TAMS 0x00000000c3000000, 0x00000000c3000000| Untracked 
|  27|0x00000000c3100000, 0x00000000c3100000, 0x00000000c3200000|  0%| F|  |TAMS 0x00000000c3100000, 0x00000000c3100000| Untracked 
|  28|0x00000000c3200000, 0x00000000c3200000, 0x00000000c3300000|  0%| F|  |TAMS 0x00000000c3200000, 0x00000000c3200000| Untracked 
|  29|0x00000000c3300000, 0x00000000c3300000, 0x00000000c3400000|  0%| F|  |TAMS 0x00000000c3300000, 0x00000000c3300000| Untracked 
|  30|0x00000000c3400000, 0x00000000c3400000, 0x00000000c3500000|  0%| F|  |TAMS 0x00000000c3400000, 0x00000000c3400000| Untracked 
|  31|0x00000000c3500000, 0x00000000c3500000, 0x00000000c3600000|  0%| F|  |TAMS 0x00000000c3500000, 0x00000000c3500000| Untracked 
|  32|0x00000000c3600000, 0x00000000c3600000, 0x00000000c3700000|  0%| F|  |TAMS 0x00000000c3600000, 0x00000000c3600000| Untracked 
|  33|0x00000000c3700000, 0x00000000c3700000, 0x00000000c3800000|  0%| F|  |TAMS 0x00000000c3700000, 0x00000000c3700000| Untracked 
|  34|0x00000000c3800000, 0x00000000c3800000, 0x00000000c3900000|  0%| F|  |TAMS 0x00000000c3800000, 0x00000000c3800000| Untracked 
|  35|0x00000000c3900000, 0x00000000c3900000, 0x00000000c3a00000|  0%| F|  |TAMS 0x00000000c3900000, 0x00000000c3900000| Untracked 
|  36|0x00000000c3a00000, 0x00000000c3a00000, 0x00000000c3b00000|  0%| F|  |TAMS 0x00000000c3a00000, 0x00000000c3a00000| Untracked 
|  37|0x00000000c3b00000, 0x00000000c3b00000, 0x00000000c3c00000|  0%| F|  |TAMS 0x00000000c3b00000, 0x00000000c3b00000| Untracked 
|  38|0x00000000c3c00000, 0x00000000c3c00000, 0x00000000c3d00000|  0%| F|  |TAMS 0x00000000c3c00000, 0x00000000c3c00000| Untracked 
|  39|0x00000000c3d00000, 0x00000000c3d00000, 0x00000000c3e00000|  0%| F|  |TAMS 0x00000000c3d00000, 0x00000000c3d00000| Untracked 
|  40|0x00000000c3e00000, 0x00000000c3e00000, 0x00000000c3f00000|  0%| F|  |TAMS 0x00000000c3e00000, 0x00000000c3e00000| Untracked 
|  41|0x00000000c3f00000, 0x00000000c3f00000, 0x00000000c4000000|  0%| F|  |TAMS 0x00000000c3f00000, 0x00000000c3f00000| Untracked 
|  42|0x00000000c4000000, 0x00000000c4000000, 0x00000000c4100000|  0%| F|  |TAMS 0x00000000c4000000, 0x00000000c4000000| Untracked 
|  43|0x00000000c4100000, 0x00000000c4100000, 0x00000000c4200000|  0%| F|  |TAMS 0x00000000c4100000, 0x00000000c4100000| Untracked 
|  44|0x00000000c4200000, 0x00000000c4200000, 0x00000000c4300000|  0%| F|  |TAMS 0x00000000c4200000, 0x00000000c4200000| Untracked 
|  45|0x00000000c4300000, 0x00000000c4300000, 0x00000000c4400000|  0%| F|  |TAMS 0x00000000c4300000, 0x00000000c4300000| Untracked 
|  46|0x00000000c4400000, 0x00000000c4400000, 0x00000000c4500000|  0%| F|  |TAMS 0x00000000c4400000, 0x00000000c4400000| Untracked 
|  47|0x00000000c4500000, 0x00000000c4500000, 0x00000000c4600000|  0%| F|  |TAMS 0x00000000c4500000, 0x00000000c4500000| Untracked 
|  48|0x00000000c4600000, 0x00000000c4600000, 0x00000000c4700000|  0%| F|  |TAMS 0x00000000c4600000, 0x00000000c4600000| Untracked 
|  49|0x00000000c4700000, 0x00000000c4700000, 0x00000000c4800000|  0%| F|  |TAMS 0x00000000c4700000, 0x00000000c4700000| Untracked 
|  50|0x00000000c4800000, 0x00000000c4800000, 0x00000000c4900000|  0%| F|  |TAMS 0x00000000c4800000, 0x00000000c4800000| Untracked 
|  51|0x00000000c4900000, 0x00000000c4900000, 0x00000000c4a00000|  0%| F|  |TAMS 0x00000000c4900000, 0x00000000c4900000| Untracked 
|  52|0x00000000c4a00000, 0x00000000c4a00000, 0x00000000c4b00000|  0%| F|  |TAMS 0x00000000c4a00000, 0x00000000c4a00000| Untracked 
|  53|0x00000000c4b00000, 0x00000000c4b00000, 0x00000000c4c00000|  0%| F|  |TAMS 0x00000000c4b00000, 0x00000000c4b00000| Untracked 
|  54|0x00000000c4c00000, 0x00000000c4c00000, 0x00000000c4d00000|  0%| F|  |TAMS 0x00000000c4c00000, 0x00000000c4c00000| Untracked 
|  55|0x00000000c4d00000, 0x00000000c4d00000, 0x00000000c4e00000|  0%| F|  |TAMS 0x00000000c4d00000, 0x00000000c4d00000| Untracked 
|  56|0x00000000c4e00000, 0x00000000c4e00000, 0x00000000c4f00000|  0%| F|  |TAMS 0x00000000c4e00000, 0x00000000c4e00000| Untracked 
|  57|0x00000000c4f00000, 0x00000000c4f00000, 0x00000000c5000000|  0%| F|  |TAMS 0x00000000c4f00000, 0x00000000c4f00000| Untracked 
|  58|0x00000000c5000000, 0x00000000c5000000, 0x00000000c5100000|  0%| F|  |TAMS 0x00000000c5000000, 0x00000000c5000000| Untracked 
|  59|0x00000000c5100000, 0x00000000c5100000, 0x00000000c5200000|  0%| F|  |TAMS 0x00000000c5100000, 0x00000000c5100000| Untracked 
|  60|0x00000000c5200000, 0x00000000c5200000, 0x00000000c5300000|  0%| F|  |TAMS 0x00000000c5200000, 0x00000000c5200000| Untracked 
|  61|0x00000000c5300000, 0x00000000c53a8b78, 0x00000000c5400000| 65%| E|  |TAMS 0x00000000c5300000, 0x00000000c5300000| Complete 
|  62|0x00000000c5400000, 0x00000000c5500000, 0x00000000c5500000|100%| E|  |TAMS 0x00000000c5400000, 0x00000000c5400000| Complete 
|  63|0x00000000c5500000, 0x00000000c5600000, 0x00000000c5600000|100%| E|CS|TAMS 0x00000000c5500000, 0x00000000c5500000| Complete 

Card table byte_map: [0x000001d161040000,0x000001d161240000] _byte_map_base: 0x000001d160a35000

Marking Bits (Prev, Next): (CMBitMap*) 0x000001d14a5db970, (CMBitMap*) 0x000001d14a5db9b0
 Prev Bits: [0x000001d161440000, 0x000001d1623e8000)
 Next Bits: [0x000001d1623f0000, 0x000001d163398000)

Polling page: 0x000001d148740000

Metaspace:

Usage:
  Non-class:      4.25 MB used.
      Class:    396.62 KB used.
       Both:      4.64 MB used.

Virtual space:
  Non-class space:       64.00 MB reserved,       4.31 MB (  7%) committed,  1 nodes.
      Class space:        1.00 GB reserved,     512.00 KB ( <1%) committed,  1 nodes.
             Both:        1.06 GB reserved,       4.81 MB ( <1%) committed. 

Chunk freelists:
   Non-Class:  11.00 MB
       Class:  15.56 MB
        Both:  26.56 MB

MaxMetaspaceSize: unlimited
CompressedClassSpaceSize: 1.00 GB
Initial GC threshold: 21.00 MB
Current GC threshold: 21.00 MB
CDS: off
MetaspaceReclaimPolicy: balanced
 - commit_granule_bytes: 65536.
 - commit_granule_words: 8192.
 - virtual_space_node_default_size: 8388608.
 - enlarge_chunks_in_place: 1.
 - new_chunks_are_fully_committed: 0.
 - uncommit_free_chunks: 1.
 - use_allocation_guard: 0.
 - handle_deallocations: 1.


Internal statistics:

num_allocs_failed_limit: 0.
num_arena_births: 4.
num_arena_deaths: 0.
num_vsnodes_births: 2.
num_vsnodes_deaths: 0.
num_space_committed: 77.
num_space_uncommitted: 0.
num_chunks_returned_to_freelist: 0.
num_chunks_taken_from_freelist: 8.
num_chunk_merges: 0.
num_chunk_splits: 3.
num_chunks_enlarged: 0.
num_purges: 0.
num_inconsistent_stats: 0.

CodeHeap 'non-profiled nmethods': size=120000Kb used=34Kb max_used=34Kb free=119965Kb
 bounds [0x000001d159910000, 0x000001d159b80000, 0x000001d160e40000]
CodeHeap 'profiled nmethods': size=120000Kb used=149Kb max_used=149Kb free=119850Kb
 bounds [0x000001d151e40000, 0x000001d1520b0000, 0x000001d159370000]
CodeHeap 'non-nmethods': size=5760Kb used=1057Kb max_used=1074Kb free=4702Kb
 bounds [0x000001d159370000, 0x000001d1595e0000, 0x000001d159910000]
 total_blobs=443 nmethods=126 adapters=230
 compilation: enabled
              stopped_count=0, restarted_count=0
 full_count=0

Compilation events (20 events):
Event: 0.361 Thread 0x000001d1001f2e40 nmethod 108 0x000001d151e62a10 code [0x000001d151e62ba0, 0x000001d151e62cd8]
Event: 0.361 Thread 0x000001d1001f2e40  109       3       java.lang.String::getBytes (46 bytes)
Event: 0.361 Thread 0x000001d1001f2e40 nmethod 109 0x000001d151e62d90 code [0x000001d151e62f60, 0x000001d151e63278]
Event: 0.365 Thread 0x000001d1001d1b80 nmethod 106 0x000001d159914c90 code [0x000001d159914e20, 0x000001d1599150f8]
Event: 0.372 Thread 0x000001d1001d1b80  110       4       java.lang.Math::max (11 bytes)
Event: 0.372 Thread 0x000001d1001f2e40  111       3       java.lang.String::startsWith (138 bytes)
Event: 0.373 Thread 0x000001d1001d1b80 nmethod 110 0x000001d159915290 code [0x000001d159915400, 0x000001d159915478]
Event: 0.373 Thread 0x000001d1001f2e40 nmethod 111 0x000001d151e63390 code [0x000001d151e635a0, 0x000001d151e63e38]
Event: 0.374 Thread 0x000001d1001f2e40  112       3       java.lang.String::<init> (15 bytes)
Event: 0.374 Thread 0x000001d1001f2e40 nmethod 112 0x000001d151e64110 code [0x000001d151e642a0, 0x000001d151e64458]
Event: 0.374 Thread 0x000001d1001d1b80  113   !   4       java.util.zip.ZipFile$Source::checkAndAddEntry (262 bytes)
Event: 0.375 Thread 0x000001d1001f2e40  115       3       java.lang.StringBuilder::append (8 bytes)
Event: 0.375 Thread 0x000001d1001f2e40 nmethod 115 0x000001d151e64510 code [0x000001d151e646a0, 0x000001d151e647e8]
Event: 0.375 Thread 0x000001d1001f2e40  116       3       java.lang.AbstractStringBuilder::append (45 bytes)
Event: 0.376 Thread 0x000001d1001f2e40 nmethod 116 0x000001d151e64890 code [0x000001d151e64a60, 0x000001d151e64da8]
Event: 0.376 Thread 0x000001d1001f2e40  117       3       java.lang.ref.Reference::reachabilityFence (1 bytes)
Event: 0.376 Thread 0x000001d1001f2e40 nmethod 117 0x000001d151e64f10 code [0x000001d151e650a0, 0x000001d151e65198]
Event: 0.379 Thread 0x000001d1001f2e40  118       3       java.io.RandomAccessFile::read (8 bytes)
Event: 0.380 Thread 0x000001d1001f2e40 nmethod 118 0x000001d151e65210 code [0x000001d151e653a0, 0x000001d151e654e8]
Event: 0.389 Thread 0x000001d1001f2e40  122       3       java.io.RandomAccessFile::readFully (45 bytes)

GC Heap History (0 events):
No events

Deoptimization events (4 events):
Event: 0.303 Thread 0x000001d14a5a0620 Uncommon trap: trap_request=0xffffff45 fr.pc=0x000001d1599115f8 relative=0x0000000000000078
Event: 0.303 Thread 0x000001d14a5a0620 Uncommon trap: reason=unstable_if action=reinterpret pc=0x000001d1599115f8 method=java.lang.String.isLatin1()Z @ 10 c2
Event: 0.303 Thread 0x000001d14a5a0620 DEOPT PACKING pc=0x000001d1599115f8 sp=0x0000002d50ffec00
Event: 0.303 Thread 0x000001d14a5a0620 DEOPT UNPACKING pc=0x000001d1593c23a3 sp=0x0000002d50ffeb40 mode 2

Classes unloaded (0 events):
No events

Classes redefined (0 events):
No events

Internal exceptions (0 events):
No events

VM Operations (0 events):
No events

Events (20 events):
Event: 0.350 loading class java/util/zip/ZipEntry done
Event: 0.350 loading class java/util/jar/JarEntry done
Event: 0.350 loading class java/util/jar/JarFile$JarFileEntry done
Event: 0.350 loading class java/util/zip/ZipFile$ZipFileInputStream
Event: 0.350 loading class java/util/zip/ZipFile$ZipFileInputStream done
Event: 0.350 loading class java/util/zip/ZipFile$ZipFileInflaterInputStream
Event: 0.350 loading class java/util/zip/InflaterInputStream
Event: 0.351 loading class java/util/zip/InflaterInputStream done
Event: 0.351 loading class java/util/zip/ZipFile$ZipFileInflaterInputStream done
Event: 0.351 loading class java/util/zip/Inflater
Event: 0.351 loading class java/util/zip/Inflater done
Event: 0.352 Loaded shared library C:\Program Files\Java\jdk-17\bin\zip.dll
Event: 0.352 loading class java/util/zip/Inflater$InflaterZStreamRef
Event: 0.353 loading class java/util/zip/Inflater$InflaterZStreamRef done
Event: 0.353 loading class java/util/zip/ZipFile$InflaterCleanupAction
Event: 0.353 loading class java/util/zip/ZipFile$InflaterCleanupAction done
Event: 0.353 loading class sun/security/util/SignatureFileVerifier
Event: 0.353 loading class sun/security/util/SignatureFileVerifier done
Event: 0.353 loading class sun/security/action/GetIntegerAction
Event: 0.354 loading class sun/security/action/GetIntegerAction done


Dynamic libraries:
0x00007ff727b60000 - 0x00007ff727b70000 	C:\Program Files\Java\jdk-17\bin\javaw.exe
0x00007ffa9b010000 - 0x00007ffa9b208000 	C:\Windows\SYSTEM32\ntdll.dll
0x00007ffa9abf0000 - 0x00007ffa9acad000 	C:\Windows\System32\KERNEL32.DLL
0x00007ffa98980000 - 0x00007ffa98c76000 	C:\Windows\System32\KERNELBASE.dll
0x00007ffa98c80000 - 0x00007ffa98d80000 	C:\Windows\System32\ucrtbase.dll
0x00007ffa90930000 - 0x00007ffa9094b000 	C:\Program Files\Java\jdk-17\bin\VCRUNTIME140.dll
0x00007ffa90ac0000 - 0x00007ffa90ad9000 	C:\Program Files\Java\jdk-17\bin\jli.dll
0x00007ffa9af20000 - 0x00007ffa9afd0000 	C:\Windows\System32\ADVAPI32.dll
0x00007ffa9a630000 - 0x00007ffa9a6ce000 	C:\Windows\System32\msvcrt.dll
0x00007ffa99550000 - 0x00007ffa995f0000 	C:\Windows\System32\sechost.dll
0x00007ffa99370000 - 0x00007ffa99493000 	C:\Windows\System32\RPCRT4.dll
0x00007ffa987f0000 - 0x00007ffa98817000 	C:\Windows\System32\bcrypt.dll
0x00007ffa9ad80000 - 0x00007ffa9af1f000 	C:\Windows\System32\USER32.dll
0x00007ffa98e10000 - 0x00007ffa98e32000 	C:\Windows\System32\win32u.dll
0x00007ffa81010000 - 0x00007ffa812aa000 	C:\Windows\WinSxS\amd64_microsoft.windows.common-controls_6595b64144ccf1df_6.0.19041.4355_none_60b8b9eb71f62e16\COMCTL32.dll
0x00007ffa996b0000 - 0x00007ffa996db000 	C:\Windows\System32\GDI32.dll
0x00007ffa986d0000 - 0x00007ffa987e7000 	C:\Windows\System32\gdi32full.dll
0x00007ffa98820000 - 0x00007ffa988bd000 	C:\Windows\System32\msvcp_win.dll
0x00007ffa90c20000 - 0x00007ffa90c2a000 	C:\Windows\SYSTEM32\VERSION.dll
0x00007ffa99810000 - 0x00007ffa9983f000 	C:\Windows\System32\IMM32.DLL
0x00007ffa95770000 - 0x00007ffa9577c000 	C:\Program Files\Java\jdk-17\bin\vcruntime140_1.dll
0x00007ffa79990000 - 0x00007ffa79a1e000 	C:\Program Files\Java\jdk-17\bin\msvcp140.dll
0x00007ffa60e10000 - 0x00007ffa619ee000 	C:\Program Files\Java\jdk-17\bin\server\jvm.dll
0x00007ffa990d0000 - 0x00007ffa990d8000 	C:\Windows\System32\PSAPI.DLL
0x00007ffa820c0000 - 0x00007ffa820e7000 	C:\Windows\SYSTEM32\WINMM.dll
0x00007ffa92280000 - 0x00007ffa92289000 	C:\Windows\SYSTEM32\WSOCK32.dll
0x00007ffa9ab80000 - 0x00007ffa9abeb000 	C:\Windows\System32\WS2_32.dll
0x00007ffa96ee0000 - 0x00007ffa96ef2000 	C:\Windows\SYSTEM32\kernel.appcore.dll
0x00007ffa95760000 - 0x00007ffa9576a000 	C:\Program Files\Java\jdk-17\bin\jimage.dll
0x00007ffa96450000 - 0x00007ffa96634000 	C:\Windows\SYSTEM32\DBGHELP.DLL
0x00007ffa84cf0000 - 0x00007ffa84d24000 	C:\Windows\SYSTEM32\dbgcore.DLL
0x00007ffa98d80000 - 0x00007ffa98e02000 	C:\Windows\System32\bcryptPrimitives.dll
0x00007ffa91810000 - 0x00007ffa91835000 	C:\Program Files\Java\jdk-17\bin\java.dll
0x00007ffa74900000 - 0x00007ffa749d7000 	C:\Program Files\Java\jdk-17\bin\jsvml.dll
0x00007ffa99d40000 - 0x00007ffa9a4ac000 	C:\Windows\System32\SHELL32.dll
0x00007ffa96730000 - 0x00007ffa96ecd000 	C:\Windows\SYSTEM32\windows.storage.dll
0x00007ffa9a7c0000 - 0x00007ffa9ab13000 	C:\Windows\System32\combase.dll
0x00007ffa98020000 - 0x00007ffa9804e000 	C:\Windows\SYSTEM32\Wldp.dll
0x00007ffa9acb0000 - 0x00007ffa9ad7d000 	C:\Windows\System32\OLEAUT32.dll
0x00007ffa994a0000 - 0x00007ffa9954d000 	C:\Windows\System32\SHCORE.dll
0x00007ffa9ab20000 - 0x00007ffa9ab75000 	C:\Windows\System32\shlwapi.dll
0x00007ffa98600000 - 0x00007ffa98624000 	C:\Windows\SYSTEM32\profapi.dll
0x00007ffa91120000 - 0x00007ffa91139000 	C:\Program Files\Java\jdk-17\bin\net.dll
0x00007ffa89420000 - 0x00007ffa8952a000 	C:\Windows\SYSTEM32\WINHTTP.dll
0x00007ffa97d80000 - 0x00007ffa97dea000 	C:\Windows\system32\mswsock.dll
0x00007ffa909d0000 - 0x00007ffa909e6000 	C:\Program Files\Java\jdk-17\bin\nio.dll
0x00007ffa909b0000 - 0x00007ffa909c8000 	C:\Program Files\Java\jdk-17\bin\zip.dll

dbghelp: loaded successfully - version: 4.0.5 - missing functions: none
symbol engine: initialized successfully - sym options: 0x614 - pdb path: .;C:\Program Files\Java\jdk-17\bin;C:\Windows\SYSTEM32;C:\Windows\WinSxS\amd64_microsoft.windows.common-controls_6595b64144ccf1df_6.0.19041.4355_none_60b8b9eb71f62e16;C:\Program Files\Java\jdk-17\bin\server

VM Arguments:
jvm_args: -Dfile.encoding=UTF-8 -Dstdout.encoding=UTF-8 -Dstderr.encoding=UTF-8 -XX:+ShowCodeDetailsInExceptionMessages 
java_command: VTiger_TestCases.CricBuzz
java_class_path (initial): C:\Users\gupta\eclipse-workspace\Selenium_Learning\Selenium_Advance\target\test-classes;C:\Users\gupta\eclipse-workspace\Selenium_Learning\Selenium_Advance\target\classes;C:\Users\gupta\.p2\pool\plugins\org.testng_7.4.0.r202105021533.jar;C:\Users\gupta\.p2\pool\plugins\com.beust.jcommander_1.78.0.jar;C:\Users\gupta\.p2\pool\plugins\org.apache-extras.beanshell.bsh_2.0.0.b6.jar;C:\Users\gupta\.p2\pool\plugins\org.yaml.snakeyaml_1.21.0.jar;C:\Users\gupta\.p2\pool\plugins\org.webjars.jquery_3.5.1.jar;C:\Users\gupta\.m2\repository\org\apache\poi\poi\4.1.2\poi-4.1.2.jar;C:\Users\gupta\.m2\repository\commons-codec\commons-codec\1.13\commons-codec-1.13.jar;C:\Users\gupta\.m2\repository\org\apache\commons\commons-collections4\4.4\commons-collections4-4.4.jar;C:\Users\gupta\.m2\repository\org\apache\commons\commons-math3\3.6.1\commons-math3-3.6.1.jar;C:\Users\gupta\.m2\repository\com\zaxxer\SparseBitSet\1.2\SparseBitSet-1.2.jar;C:\Users\gupta\.m2\repository\org\apache\poi\poi-ooxml\4.1.2\poi-ooxml-4.1.2.jar;C:\Users\gupta\.m2\repository\org\apache\poi\poi-ooxml-schemas\4.1.2\poi-ooxml-schemas-4.1.2.jar;C:\Users\gupta\.m2\repository\org\apache\xmlbeans\xmlbeans\3.1.0\xmlbeans-3.1.0.jar;C:\Users\gupta\.m2\repository\org\apache\commons\commons-compress\1.19\commons-compress-1.19.jar;C:\Users\gupta\.m2\repository\com\github\virtuald\curvesapi\1.06\curvesapi-1.06.jar;C:\Users\gupta\.m2\repository\org\seleniumhq\selenium\selenium-java\4.15.0\selenium-java-4.15.0.jar;C:\Users\gupta\.m2\repository\org\seleniumhq\selenium\selenium-api\4.15.0\selenium-api-4.15.0.jar;C:\Users\gupta\.m2\repository\org\seleniumhq\selenium\selenium-chrome-driver\4.15.0\selenium-chrome-driver-4.15.0.jar;C:\Users\gupta\.m2\repository\com\google\auto\service\auto-service-annotations\1.1.1\auto-service-annotations-1.1.1.jar;C:\Users\gupta\.m2\repository\org\seleniumhq\selenium\selenium-chromium-driver\4.15.0\selenium-chromium-driver-4.15.0.jar;C:\Users\gupta\.m2\repository\org\sele
Launcher Type: SUN_STANDARD

[Global flags]
     intx CICompilerCount                          = 3                                         {product} {ergonomic}
     uint ConcGCThreads                            = 1                                         {product} {ergonomic}
     uint G1ConcRefinementThreads                  = 4                                         {product} {ergonomic}
   size_t G1HeapRegionSize                         = 1048576                                   {product} {ergonomic}
    uintx GCDrainStackTargetSize                   = 64                                        {product} {ergonomic}
   size_t InitialHeapSize                          = 67108864                                  {product} {ergonomic}
   size_t MarkStackSize                            = 4194304                                   {product} {ergonomic}
   size_t MaxHeapSize                              = 1050673152                                {product} {ergonomic}
   size_t MaxNewSize                               = 630194176                                 {product} {ergonomic}
   size_t MinHeapDeltaBytes                        = 1048576                                   {product} {ergonomic}
   size_t MinHeapSize                              = 8388608                                   {product} {ergonomic}
    uintx NonNMethodCodeHeapSize                   = 5832780                                {pd product} {ergonomic}
    uintx NonProfiledCodeHeapSize                  = 122912730                              {pd product} {ergonomic}
    uintx ProfiledCodeHeapSize                     = 122912730                              {pd product} {ergonomic}
    uintx ReservedCodeCacheSize                    = 251658240                              {pd product} {ergonomic}
     bool SegmentedCodeCache                       = true                                      {product} {ergonomic}
     bool ShowCodeDetailsInExceptionMessages       = true                                   {manageable} {command line}
   size_t SoftMaxHeapSize                          = 1050673152                             {manageable} {ergonomic}
     bool UseCompressedClassPointers               = true                           {product lp64_product} {ergonomic}
     bool UseCompressedOops                        = true                           {product lp64_product} {ergonomic}
     bool UseG1GC                                  = true                                      {product} {ergonomic}
     bool UseLargePagesIndividualAllocation        = false                                  {pd product} {ergonomic}

Logging:
Log output configuration:
 #0: stdout all=warning uptime,level,tags
 #1: stderr all=off uptime,level,tags

Environment Variables:
PATH=C:/Program Files/Java/jdk-17/bin/server;C:/Program Files/Java/jdk-17/bin;C:\Program Files\Eclipse Adoptium\jdk-17.0.8.101-hotspot\bin;C:\ProgramData\Oracle\Java\javapath;C:\Program Files\Common Files\Oracle\Java\javapath;C:\Program Files (x86)\VMware\VMware Player\bin\;C:\oracle\product\10.2.0\db_1\bin;C:\Windows\system32;C:\Windows;C:\Windows\System32\Wbem;C:\Windows\System32\WindowsPowerShell\v1.0\;C:\Windows\System32\OpenSSH\;C:\Users\gupta\Downloads\wget-1.5.3;C:\Program Files\Git\cmd;C:\Users\gupta\Downloads\apache-maven-3.9.8-bin\apache-maven-3.9.8\bin;C:\Users\gupta\AppData\Local\Programs\Python\Python310\Scripts\;C:\Users\gupta\AppData\Local\Programs\Python\Python310\;C:\Users\gupta\AppData\Local\Microsoft\WindowsApps;;C:\Users\gupta\AppData\Local\Programs\Microsoft VS Code\bin;C:\Users\gupta\Desktop;
USERNAME=gupta
OS=Windows_NT
PROCESSOR_IDENTIFIER=Intel64 Family 6 Model 142 Stepping 10, GenuineIntel



---------------  S Y S T E M  ---------------

OS:
 Windows 10 , 64 bit Build 19041 (10.0.19041.3636)
OS uptime: 4 days 1:05 hours

CPU: total 4 (initial active 4) (2 cores per cpu, 2 threads per core) family 6 model 142 stepping 10 microcode 0xc6, cx8, cmov, fxsr, ht, mmx, 3dnowpref, sse, sse2, sse3, ssse3, sse4.1, sse4.2, popcnt, lzcnt, tsc, tscinvbit, avx, avx2, aes, erms, clmul, bmi1, bmi2, adx, fma, vzeroupper, clflush, clflushopt

Memory: 4k page, system-wide physical 4001M (370M free)
TotalPageFile size 16289M (AvailPageFile size 3M)
current process WorkingSet (physical memory assigned to process): 31M, peak: 31M
current process commit charge ("private bytes"): 129M, peak: 130M

vm_info: Java HotSpot(TM) 64-Bit Server VM (17.0.8+9-LTS-211) for windows-amd64 JRE (17.0.8+9-LTS-211), built on Jun 14 2023 10:34:31 by "mach5one" with MS VC++ 17.1 (VS2022)

END.
