#
# There is insufficient memory for the Java Runtime Environment to continue.
# Native memory allocation (mmap) failed to map 67108864 bytes for G1 virtual space
# Possible reasons:
#   The system is out of physical RAM or swap space
#   The process is running with CompressedOops enabled, and the Java Heap may be blocking the growth of the native heap
# Possible solutions:
#   Reduce memory load on the system
#   Increase physical memory or swap space
#   Check if swap backing store is full
#   Decrease Java heap size (-Xmx/-Xms)
#   Decrease number of Java threads
#   Decrease Java thread stack sizes (-Xss)
#   Set larger code cache with -XX:ReservedCodeCacheSize=
#   JVM is running with Unscaled Compressed Oops mode in which the Java heap is
#     placed in the first 4GB address space. The Java Heap base address is the
#     maximum limit for the native heap growth. Please use -XX:HeapBaseMinAddress
#     to set the Java Heap base and to place the Java Heap above 4GB virtual address.
# This output file may be truncated or incomplete.
#
#  Out of Memory Error (os_windows.cpp:3550), pid=23484, tid=21868
#
# JRE version:  (17.0.8+9) (build )
# Java VM: Java HotSpot(TM) 64-Bit Server VM (17.0.8+9-LTS-211, mixed mode, sharing, tiered, compressed oops, compressed class ptrs, g1 gc, windows-amd64)
# No core dump will be written. Minidumps are not enabled by default on client versions of Windows
#

---------------  S U M M A R Y ------------

Command Line: -Dfile.encoding=UTF-8 -Dstdout.encoding=UTF-8 -Dstderr.encoding=UTF-8 -XX:+ShowCodeDetailsInExceptionMessages VTiger_TestCases.CricketRanking

Host: Intel(R) Core(TM) i3-8130U CPU @ 2.20GHz, 4 cores, 3G,  Windows 10 , 64 bit Build 19041 (10.0.19041.3636)
Time: Sat Jul  6 14:35:49 2024 India Standard Time elapsed time: 0.060298 seconds (0d 0h 0m 0s)

---------------  T H R E A D  ---------------

Current thread (0x0000027c45b6e800):  JavaThread "Unknown thread" [_thread_in_vm, id=21868, stack(0x00000086fc500000,0x00000086fc600000)]

Stack: [0x00000086fc500000,0x00000086fc600000]
Native frames: (J=compiled Java code, j=interpreted, Vv=VM code, C=native code)
V  [jvm.dll+0x677d0a]
V  [jvm.dll+0x7d8c54]
V  [jvm.dll+0x7da3fe]
V  [jvm.dll+0x7daa63]
V  [jvm.dll+0x245c5f]
V  [jvm.dll+0x674bb9]
V  [jvm.dll+0x6694f2]
V  [jvm.dll+0x3031d6]
V  [jvm.dll+0x30a756]
V  [jvm.dll+0x359f9e]
V  [jvm.dll+0x35a1cf]
V  [jvm.dll+0x2da3e8]
V  [jvm.dll+0x2db354]
V  [jvm.dll+0x7aa711]
V  [jvm.dll+0x367b51]
V  [jvm.dll+0x789979]
V  [jvm.dll+0x3eb05f]
V  [jvm.dll+0x3ecae1]
C  [jli.dll+0x5297]
C  [ucrtbase.dll+0x21bb2]
C  [KERNEL32.DLL+0x17344]
C  [ntdll.dll+0x4cc91]


---------------  P R O C E S S  ---------------

Threads class SMR info:
_java_thread_list=0x00007ffa618c59d8, length=0, elements={
}

Java Threads: ( => current thread )

Other Threads:
  0x0000027c45baa6a0 GCTaskThread "GC Thread#0" [stack: 0x00000086fc600000,0x00000086fc700000] [id=24244]
  0x0000027c45bb49e0 ConcurrentGCThread "G1 Main Marker" [stack: 0x00000086fc700000,0x00000086fc800000] [id=27248]
  0x0000027c45bb6310 ConcurrentGCThread "G1 Conc#0" [stack: 0x00000086fc800000,0x00000086fc900000] [id=16584]

[error occurred during error reporting (printing all threads), id 0xc0000005, EXCEPTION_ACCESS_VIOLATION (0xc0000005) at pc=0x00007ffa610fb047]

VM state: not at safepoint (not fully initialized)

VM Mutex/Monitor currently owned by a thread:  ([mutex/lock_event])
[0x0000027c45b68c20] Heap_lock - owner thread: 0x0000027c45b6e800

Heap address: 0x00000000c1600000, size: 1002 MB, Compressed Oops mode: 32-bit

CDS archive(s) mapped at: [0x0000000000000000-0x0000000000000000-0x0000000000000000), size 0, SharedBaseAddress: 0x0000000800000000, ArchiveRelocationMode: 1.
Narrow klass base: 0x0000000000000000, Narrow klass shift: 0, Narrow klass range: 0x0

GC Precious Log:
<Empty>

Heap:
 garbage-first heap   total 0K, used 0K [0x00000000c1600000, 0x0000000100000000)
  region size 1024K, 0 young (0K), 0 survivors (0K)

[error occurred during error reporting (printing heap information), id 0xc0000005, EXCEPTION_ACCESS_VIOLATION (0xc0000005) at pc=0x00007ffa614e1499]

GC Heap History (0 events):
No events

Deoptimization events (0 events):
No events

Classes unloaded (0 events):
No events

Classes redefined (0 events):
No events

Internal exceptions (0 events):
No events

VM Operations (0 events):
No events

Events (1 events):
Event: 0.043 Loaded shared library C:\Program Files\Java\jdk-17\bin\java.dll


Dynamic libraries:
0x00007ff727b60000 - 0x00007ff727b70000 	C:\Program Files\Java\jdk-17\bin\javaw.exe
0x00007ffa9b010000 - 0x00007ffa9b208000 	C:\Windows\SYSTEM32\ntdll.dll
0x00007ffa9abf0000 - 0x00007ffa9acad000 	C:\Windows\System32\KERNEL32.DLL
0x00007ffa98980000 - 0x00007ffa98c76000 	C:\Windows\System32\KERNELBASE.dll
0x00007ffa98c80000 - 0x00007ffa98d80000 	C:\Windows\System32\ucrtbase.dll
0x00007ffa90ac0000 - 0x00007ffa90ad9000 	C:\Program Files\Java\jdk-17\bin\jli.dll
0x00007ffa9af20000 - 0x00007ffa9afd0000 	C:\Windows\System32\ADVAPI32.dll
0x00007ffa9a630000 - 0x00007ffa9a6ce000 	C:\Windows\System32\msvcrt.dll
0x00007ffa99550000 - 0x00007ffa995f0000 	C:\Windows\System32\sechost.dll
0x00007ffa99370000 - 0x00007ffa99493000 	C:\Windows\System32\RPCRT4.dll
0x00007ffa987f0000 - 0x00007ffa98817000 	C:\Windows\System32\bcrypt.dll
0x00007ffa9ad80000 - 0x00007ffa9af1f000 	C:\Windows\System32\USER32.dll
0x00007ffa98e10000 - 0x00007ffa98e32000 	C:\Windows\System32\win32u.dll
0x00007ffa996b0000 - 0x00007ffa996db000 	C:\Windows\System32\GDI32.dll
0x00007ffa90930000 - 0x00007ffa9094b000 	C:\Program Files\Java\jdk-17\bin\VCRUNTIME140.dll
0x00007ffa986d0000 - 0x00007ffa987e7000 	C:\Windows\System32\gdi32full.dll
0x00007ffa98820000 - 0x00007ffa988bd000 	C:\Windows\System32\msvcp_win.dll
0x00007ffa81010000 - 0x00007ffa812aa000 	C:\Windows\WinSxS\amd64_microsoft.windows.common-controls_6595b64144ccf1df_6.0.19041.4355_none_60b8b9eb71f62e16\COMCTL32.dll
0x00007ffa90c20000 - 0x00007ffa90c2a000 	C:\Windows\SYSTEM32\VERSION.dll
0x00007ffa99810000 - 0x00007ffa9983f000 	C:\Windows\System32\IMM32.DLL
0x00007ffa95770000 - 0x00007ffa9577c000 	C:\Program Files\Java\jdk-17\bin\vcruntime140_1.dll
0x00007ffa79990000 - 0x00007ffa79a1e000 	C:\Program Files\Java\jdk-17\bin\msvcp140.dll
0x00007ffa60e10000 - 0x00007ffa619ee000 	C:\Program Files\Java\jdk-17\bin\server\jvm.dll
0x00007ffa990d0000 - 0x00007ffa990d8000 	C:\Windows\System32\PSAPI.DLL
0x00007ffa92280000 - 0x00007ffa92289000 	C:\Windows\SYSTEM32\WSOCK32.dll
0x00007ffa9ab80000 - 0x00007ffa9abeb000 	C:\Windows\System32\WS2_32.dll
0x00007ffa820c0000 - 0x00007ffa820e7000 	C:\Windows\SYSTEM32\WINMM.dll
0x00007ffa96ee0000 - 0x00007ffa96ef2000 	C:\Windows\SYSTEM32\kernel.appcore.dll
0x00007ffa95760000 - 0x00007ffa9576a000 	C:\Program Files\Java\jdk-17\bin\jimage.dll
0x00007ffa96450000 - 0x00007ffa96634000 	C:\Windows\SYSTEM32\DBGHELP.DLL
0x00007ffa84cf0000 - 0x00007ffa84d24000 	C:\Windows\SYSTEM32\dbgcore.DLL
0x00007ffa98d80000 - 0x00007ffa98e02000 	C:\Windows\System32\bcryptPrimitives.dll
0x00007ffa91810000 - 0x00007ffa91835000 	C:\Program Files\Java\jdk-17\bin\java.dll

dbghelp: loaded successfully - version: 4.0.5 - missing functions: none
symbol engine: initialized successfully - sym options: 0x614 - pdb path: .;C:\Program Files\Java\jdk-17\bin;C:\Windows\SYSTEM32;C:\Windows\WinSxS\amd64_microsoft.windows.common-controls_6595b64144ccf1df_6.0.19041.4355_none_60b8b9eb71f62e16;C:\Program Files\Java\jdk-17\bin\server

VM Arguments:
jvm_args: -Dfile.encoding=UTF-8 -Dstdout.encoding=UTF-8 -Dstderr.encoding=UTF-8 -XX:+ShowCodeDetailsInExceptionMessages 
java_command: VTiger_TestCases.CricketRanking
java_class_path (initial): C:\Users\gupta\eclipse-workspace\Selenium_Learning\Selenium_Advance\target\test-classes;C:\Users\gupta\eclipse-workspace\Selenium_Learning\Selenium_Advance\target\classes;C:\Users\gupta\.p2\pool\plugins\org.testng_7.4.0.r202105021533.jar;C:\Users\gupta\.p2\pool\plugins\com.beust.jcommander_1.78.0.jar;C:\Users\gupta\.p2\pool\plugins\org.apache-extras.beanshell.bsh_2.0.0.b6.jar;C:\Users\gupta\.p2\pool\plugins\org.yaml.snakeyaml_1.21.0.jar;C:\Users\gupta\.p2\pool\plugins\org.webjars.jquery_3.5.1.jar;C:\Users\gupta\.m2\repository\org\apache\poi\poi\4.1.2\poi-4.1.2.jar;C:\Users\gupta\.m2\repository\commons-codec\commons-codec\1.13\commons-codec-1.13.jar;C:\Users\gupta\.m2\repository\org\apache\commons\commons-collections4\4.4\commons-collections4-4.4.jar;C:\Users\gupta\.m2\repository\org\apache\commons\commons-math3\3.6.1\commons-math3-3.6.1.jar;C:\Users\gupta\.m2\repository\com\zaxxer\SparseBitSet\1.2\SparseBitSet-1.2.jar;C:\Users\gupta\.m2\repository\org\apache\poi\poi-ooxml\4.1.2\poi-ooxml-4.1.2.jar;C:\Users\gupta\.m2\repository\org\apache\poi\poi-ooxml-schemas\4.1.2\poi-ooxml-schemas-4.1.2.jar;C:\Users\gupta\.m2\repository\org\apache\xmlbeans\xmlbeans\3.1.0\xmlbeans-3.1.0.jar;C:\Users\gupta\.m2\repository\org\apache\commons\commons-compress\1.19\commons-compress-1.19.jar;C:\Users\gupta\.m2\repository\com\github\virtuald\curvesapi\1.06\curvesapi-1.06.jar;C:\Users\gupta\.m2\repository\org\seleniumhq\selenium\selenium-java\4.15.0\selenium-java-4.15.0.jar;C:\Users\gupta\.m2\repository\org\seleniumhq\selenium\selenium-api\4.15.0\selenium-api-4.15.0.jar;C:\Users\gupta\.m2\repository\org\seleniumhq\selenium\selenium-chrome-driver\4.15.0\selenium-chrome-driver-4.15.0.jar;C:\Users\gupta\.m2\repository\com\google\auto\service\auto-service-annotations\1.1.1\auto-service-annotations-1.1.1.jar;C:\Users\gupta\.m2\repository\org\seleniumhq\selenium\selenium-chromium-driver\4.15.0\selenium-chromium-driver-4.15.0.jar;C:\Users\gupta\.m2\repository\org\sele
Launcher Type: SUN_STANDARD

[Global flags]
     intx CICompilerCount                          = 3                                         {product} {ergonomic}
     uint ConcGCThreads                            = 1                                         {product} {ergonomic}
     uint G1ConcRefinementThreads                  = 4                                         {product} {ergonomic}
   size_t G1HeapRegionSize                         = 1048576                                   {product} {ergonomic}
    uintx GCDrainStackTargetSize                   = 64                                        {product} {ergonomic}
   size_t InitialHeapSize                          = 67108864                                  {product} {ergonomic}
   size_t MarkStackSize                            = 4194304                                   {product} {ergonomic}
   size_t MaxHeapSize                              = 1050673152                                {product} {ergonomic}
   size_t MinHeapDeltaBytes                        = 1048576                                   {product} {ergonomic}
   size_t MinHeapSize                              = 8388608                                   {product} {ergonomic}
    uintx NonNMethodCodeHeapSize                   = 5832780                                {pd product} {ergonomic}
    uintx NonProfiledCodeHeapSize                  = 122912730                              {pd product} {ergonomic}
    uintx ProfiledCodeHeapSize                     = 122912730                              {pd product} {ergonomic}
    uintx ReservedCodeCacheSize                    = 251658240                              {pd product} {ergonomic}
     bool SegmentedCodeCache                       = true                                      {product} {ergonomic}
     bool ShowCodeDetailsInExceptionMessages       = true                                   {manageable} {command line}
   size_t SoftMaxHeapSize                          = 1050673152                             {manageable} {ergonomic}
     bool UseCompressedClassPointers               = true                           {product lp64_product} {ergonomic}
     bool UseCompressedOops                        = true                           {product lp64_product} {ergonomic}
     bool UseG1GC                                  = true                                      {product} {ergonomic}
     bool UseLargePagesIndividualAllocation        = false                                  {pd product} {ergonomic}

Logging:
Log output configuration:
 #0: stdout all=warning uptime,level,tags
 #1: stderr all=off uptime,level,tags

Environment Variables:
PATH=C:/Program Files/Java/jdk-17/bin/server;C:/Program Files/Java/jdk-17/bin;C:\Program Files\Eclipse Adoptium\jdk-17.0.8.101-hotspot\bin;C:\ProgramData\Oracle\Java\javapath;C:\Program Files\Common Files\Oracle\Java\javapath;C:\Program Files (x86)\VMware\VMware Player\bin\;C:\oracle\product\10.2.0\db_1\bin;C:\Windows\system32;C:\Windows;C:\Windows\System32\Wbem;C:\Windows\System32\WindowsPowerShell\v1.0\;C:\Windows\System32\OpenSSH\;C:\Users\gupta\Downloads\wget-1.5.3;C:\Program Files\Git\cmd;C:\Users\gupta\Downloads\apache-maven-3.9.8-bin\apache-maven-3.9.8\bin;C:\Users\gupta\AppData\Local\Programs\Python\Python310\Scripts\;C:\Users\gupta\AppData\Local\Programs\Python\Python310\;C:\Users\gupta\AppData\Local\Microsoft\WindowsApps;;C:\Users\gupta\AppData\Local\Programs\Microsoft VS Code\bin;C:\Users\gupta\Desktop;
USERNAME=gupta
OS=Windows_NT
PROCESSOR_IDENTIFIER=Intel64 Family 6 Model 142 Stepping 10, GenuineIntel



---------------  S Y S T E M  ---------------

OS:
 Windows 10 , 64 bit Build 19041 (10.0.19041.3636)
OS uptime: 3 days 23:07 hours

CPU: total 4 (initial active 4) (2 cores per cpu, 2 threads per core) family 6 model 142 stepping 10 microcode 0xc6, cx8, cmov, fxsr, ht, mmx, 3dnowpref, sse, sse2, sse3, ssse3, sse4.1, sse4.2, popcnt, lzcnt, tsc, tscinvbit, avx, avx2, aes, erms, clmul, bmi1, bmi2, adx, fma, vzeroupper, clflush, clflushopt

Memory: 4k page, system-wide physical 4001M (217M free)
TotalPageFile size 16289M (AvailPageFile size 53M)
current process WorkingSet (physical memory assigned to process): 9M, peak: 9M
current process commit charge ("private bytes"): 51M, peak: 115M

vm_info: Java HotSpot(TM) 64-Bit Server VM (17.0.8+9-LTS-211) for windows-amd64 JRE (17.0.8+9-LTS-211), built on Jun 14 2023 10:34:31 by "mach5one" with MS VC++ 17.1 (VS2022)

END.
